v==============Cycle Counter =     0==============v

[IF ]: Instruction [a8d12513]@[00001000]: slti	x10, x2, -1395
[ID ]: Instruction [00000000]@[00000000]: 
[EX ]: Instruction [00000000]@[00000000]: 
[MEM]: Instruction [00000000]@[00000000]: 
[WB ]: Instruction [00000000]@[00000000]: 
r 0=00000000 r 1=00000000 r 2=000effff r 3=00003000 
r 4=00000000 r 5=00000000 r 6=00000000 r 7=00000000 
r 8=00000000 r 9=00000000 r10=00000000 r11=00000000 
r12=00000000 r13=00000000 r14=00000000 r15=00000000 
r16=00000000 r17=00000000 r18=00000000 r19=00000000 
r20=00000000 r21=00000000 r22=00000000 r23=00000000 
r24=00000000 r25=00000000 r26=00000000 r27=00000000 
r28=00000000 r29=00000000 r30=00000000 r31=00000000 

v==============Cycle Counter =     1==============v

[IF ]: Instruction [6233c293]@[00001004]: xori	x5, x7, 1571
[ID ]: Instruction [a8d12513]@[00001000]: slti	x10, x2, -1395
[EX ]: Instruction [00000000]@[00000000]: 
[MEM]: Instruction [00000000]@[00000000]: 
[WB ]: Instruction [00000000]@[00000000]: 
r 0=00000000 r 1=00000000 r 2=000effff r 3=00003000 
r 4=00000000 r 5=00000000 r 6=00000000 r 7=00000000 
r 8=00000000 r 9=00000000 r10=00000000 r11=00000000 
r12=00000000 r13=00000000 r14=00000000 r15=00000000 
r16=00000000 r17=00000000 r18=00000000 r19=00000000 
r20=00000000 r21=00000000 r22=00000000 r23=00000000 
r24=00000000 r25=00000000 r26=00000000 r27=00000000 
r28=00000000 r29=00000000 r30=00000000 r31=00000000 

v==============Cycle Counter =     2==============v

[IF ]: Instruction [b6857c13]@[00001008]: andi	x24, x10, -1176
[ID ]: Instruction [6233c293]@[00001004]: xori	x5, x7, 1571
[EX ]: Instruction [a8d12513]@[00001000]: slti	x10, x2, -1395
[MEM]: Instruction [00000000]@[00000000]: 
[WB ]: Instruction [00000000]@[00000000]: 
r 0=00000000 r 1=00000000 r 2=000effff r 3=00003000 
r 4=00000000 r 5=00000000 r 6=00000000 r 7=00000000 
r 8=00000000 r 9=00000000 r10=00000000 r11=00000000 
r12=00000000 r13=00000000 r14=00000000 r15=00000000 
r16=00000000 r17=00000000 r18=00000000 r19=00000000 
r20=00000000 r21=00000000 r22=00000000 r23=00000000 
r24=00000000 r25=00000000 r26=00000000 r27=00000000 
r28=00000000 r29=00000000 r30=00000000 r31=00000000 

v==============Cycle Counter =     3==============v

[IF ]: Instruction [ef150393]@[0000100c]: addi	x7, x10, -271
[ID ]: Instruction [b6857c13]@[00001008]: andi	x24, x10, -1176
[EX ]: Instruction [6233c293]@[00001004]: xori	x5, x7, 1571
[MEM]: Instruction [a8d12513]@[00001000]: slti	x10, x2, -1395
[WB ]: Instruction [00000000]@[00000000]: 
r 0=00000000 r 1=00000000 r 2=000effff r 3=00003000 
r 4=00000000 r 5=00000000 r 6=00000000 r 7=00000000 
r 8=00000000 r 9=00000000 r10=00000000 r11=00000000 
r12=00000000 r13=00000000 r14=00000000 r15=00000000 
r16=00000000 r17=00000000 r18=00000000 r19=00000000 
r20=00000000 r21=00000000 r22=00000000 r23=00000000 
r24=00000000 r25=00000000 r26=00000000 r27=00000000 
r28=00000000 r29=00000000 r30=00000000 r31=00000000 

v==============Cycle Counter =     4==============v

[IF ]: Instruction [0009d113]@[00001010]: srli	x2, x19, 0
[ID ]: Instruction [ef150393]@[0000100c]: addi	x7, x10, -271
[FWD]: Resolving MEM hazard on rs1: x10
[EX ]: Instruction [b6857c13]@[00001008]: andi	x24, x10, -1176
[MEM]: Instruction [6233c293]@[00001004]: xori	x5, x7, 1571
[WB ]: Instruction [a8d12513]@[00001000]: slti	x10, x2, -1395
r 0=00000000 r 1=00000000 r 2=000effff r 3=00003000 
r 4=00000000 r 5=00000000 r 6=00000000 r 7=00000000 
r 8=00000000 r 9=00000000 r10=00000000 r11=00000000 
r12=00000000 r13=00000000 r14=00000000 r15=00000000 
r16=00000000 r17=00000000 r18=00000000 r19=00000000 
r20=00000000 r21=00000000 r22=00000000 r23=00000000 
r24=00000000 r25=00000000 r26=00000000 r27=00000000 
r28=00000000 r29=00000000 r30=00000000 r31=00000000 

v==============Cycle Counter =     5==============v

[IF ]: Instruction [f9837713]@[00001014]: andi	x14, x6, -104
[ID ]: Instruction [0009d113]@[00001010]: srli	x2, x19, 0
[EX ]: Instruction [ef150393]@[0000100c]: addi	x7, x10, -271
[MEM]: Instruction [b6857c13]@[00001008]: andi	x24, x10, -1176
[WB ]: Instruction [6233c293]@[00001004]: xori	x5, x7, 1571
r 0=00000000 r 1=00000000 r 2=000effff r 3=00003000 
r 4=00000000 r 5=00000623 r 6=00000000 r 7=00000000 
r 8=00000000 r 9=00000000 r10=00000000 r11=00000000 
r12=00000000 r13=00000000 r14=00000000 r15=00000000 
r16=00000000 r17=00000000 r18=00000000 r19=00000000 
r20=00000000 r21=00000000 r22=00000000 r23=00000000 
r24=00000000 r25=00000000 r26=00000000 r27=00000000 
r28=00000000 r29=00000000 r30=00000000 r31=00000000 

v==============Cycle Counter =     6==============v

[IF ]: Instruction [01931c13]@[00001018]: slli	x24, x6, 25
[ID ]: Instruction [f9837713]@[00001014]: andi	x14, x6, -104
[EX ]: Instruction [0009d113]@[00001010]: srli	x2, x19, 0
[MEM]: Instruction [ef150393]@[0000100c]: addi	x7, x10, -271
[WB ]: Instruction [b6857c13]@[00001008]: andi	x24, x10, -1176
r 0=00000000 r 1=00000000 r 2=000effff r 3=00003000 
r 4=00000000 r 5=00000623 r 6=00000000 r 7=00000000 
r 8=00000000 r 9=00000000 r10=00000000 r11=00000000 
r12=00000000 r13=00000000 r14=00000000 r15=00000000 
r16=00000000 r17=00000000 r18=00000000 r19=00000000 
r20=00000000 r21=00000000 r22=00000000 r23=00000000 
r24=00000000 r25=00000000 r26=00000000 r27=00000000 
r28=00000000 r29=00000000 r30=00000000 r31=00000000 

v==============Cycle Counter =     7==============v

[IF ]: Instruction [2bc30a93]@[0000101c]: addi	x21, x6, 700
[ID ]: Instruction [01931c13]@[00001018]: slli	x24, x6, 25
[EX ]: Instruction [f9837713]@[00001014]: andi	x14, x6, -104
[MEM]: Instruction [0009d113]@[00001010]: srli	x2, x19, 0
[WB ]: Instruction [ef150393]@[0000100c]: addi	x7, x10, -271
r 0=00000000 r 1=00000000 r 2=000effff r 3=00003000 
r 4=00000000 r 5=00000623 r 6=00000000 r 7=fffffef1 
r 8=00000000 r 9=00000000 r10=00000000 r11=00000000 
r12=00000000 r13=00000000 r14=00000000 r15=00000000 
r16=00000000 r17=00000000 r18=00000000 r19=00000000 
r20=00000000 r21=00000000 r22=00000000 r23=00000000 
r24=00000000 r25=00000000 r26=00000000 r27=00000000 
r28=00000000 r29=00000000 r30=00000000 r31=00000000 

v==============Cycle Counter =     8==============v

[IF ]: Instruction [00199513]@[00001020]: slli	x10, x19, 1
[ID ]: Instruction [2bc30a93]@[0000101c]: addi	x21, x6, 700
[EX ]: Instruction [01931c13]@[00001018]: slli	x24, x6, 25
[MEM]: Instruction [f9837713]@[00001014]: andi	x14, x6, -104
[WB ]: Instruction [0009d113]@[00001010]: srli	x2, x19, 0
r 0=00000000 r 1=00000000 r 2=00000000 r 3=00003000 
r 4=00000000 r 5=00000623 r 6=00000000 r 7=fffffef1 
r 8=00000000 r 9=00000000 r10=00000000 r11=00000000 
r12=00000000 r13=00000000 r14=00000000 r15=00000000 
r16=00000000 r17=00000000 r18=00000000 r19=00000000 
r20=00000000 r21=00000000 r22=00000000 r23=00000000 
r24=00000000 r25=00000000 r26=00000000 r27=00000000 
r28=00000000 r29=00000000 r30=00000000 r31=00000000 

v==============Cycle Counter =     9==============v

[IF ]: Instruction [95336213]@[00001024]: ori	x4, x6, -1709
[ID ]: Instruction [00199513]@[00001020]: slli	x10, x19, 1
[EX ]: Instruction [2bc30a93]@[0000101c]: addi	x21, x6, 700
[MEM]: Instruction [01931c13]@[00001018]: slli	x24, x6, 25
[WB ]: Instruction [f9837713]@[00001014]: andi	x14, x6, -104
r 0=00000000 r 1=00000000 r 2=00000000 r 3=00003000 
r 4=00000000 r 5=00000623 r 6=00000000 r 7=fffffef1 
r 8=00000000 r 9=00000000 r10=00000000 r11=00000000 
r12=00000000 r13=00000000 r14=00000000 r15=00000000 
r16=00000000 r17=00000000 r18=00000000 r19=00000000 
r20=00000000 r21=00000000 r22=00000000 r23=00000000 
r24=00000000 r25=00000000 r26=00000000 r27=00000000 
r28=00000000 r29=00000000 r30=00000000 r31=00000000 

v==============Cycle Counter =    10==============v

[IF ]: Instruction [4133d293]@[00001028]: srai	x5, x7, 19
[ID ]: Instruction [95336213]@[00001024]: ori	x4, x6, -1709
[EX ]: Instruction [00199513]@[00001020]: slli	x10, x19, 1
[MEM]: Instruction [2bc30a93]@[0000101c]: addi	x21, x6, 700
[WB ]: Instruction [01931c13]@[00001018]: slli	x24, x6, 25
r 0=00000000 r 1=00000000 r 2=00000000 r 3=00003000 
r 4=00000000 r 5=00000623 r 6=00000000 r 7=fffffef1 
r 8=00000000 r 9=00000000 r10=00000000 r11=00000000 
r12=00000000 r13=00000000 r14=00000000 r15=00000000 
r16=00000000 r17=00000000 r18=00000000 r19=00000000 
r20=00000000 r21=00000000 r22=00000000 r23=00000000 
r24=00000000 r25=00000000 r26=00000000 r27=00000000 
r28=00000000 r29=00000000 r30=00000000 r31=00000000 

v==============Cycle Counter =    11==============v

[IF ]: Instruction [01ffdf13]@[0000102c]: srli	x30, x31, 31
[ID ]: Instruction [4133d293]@[00001028]: srai	x5, x7, 19
[EX ]: Instruction [95336213]@[00001024]: ori	x4, x6, -1709
[MEM]: Instruction [00199513]@[00001020]: slli	x10, x19, 1
[WB ]: Instruction [2bc30a93]@[0000101c]: addi	x21, x6, 700
r 0=00000000 r 1=00000000 r 2=00000000 r 3=00003000 
r 4=00000000 r 5=00000623 r 6=00000000 r 7=fffffef1 
r 8=00000000 r 9=00000000 r10=00000000 r11=00000000 
r12=00000000 r13=00000000 r14=00000000 r15=00000000 
r16=00000000 r17=00000000 r18=00000000 r19=00000000 
r20=00000000 r21=000002bc r22=00000000 r23=00000000 
r24=00000000 r25=00000000 r26=00000000 r27=00000000 
r28=00000000 r29=00000000 r30=00000000 r31=00000000 


========
[MAIN]: Flushing pipeline
========
v==============Cycle Counter =    12==============v

[IF ]: Instruction [00000013]@[00001030]: addi	x0, x0, 0
[ID ]: Instruction [01ffdf13]@[0000102c]: srli	x30, x31, 31
[EX ]: Instruction [4133d293]@[00001028]: srai	x5, x7, 19
[MEM]: Instruction [95336213]@[00001024]: ori	x4, x6, -1709
[WB ]: Instruction [00199513]@[00001020]: slli	x10, x19, 1
r 0=00000000 r 1=00000000 r 2=00000000 r 3=00003000 
r 4=00000000 r 5=00000623 r 6=00000000 r 7=fffffef1 
r 8=00000000 r 9=00000000 r10=00000000 r11=00000000 
r12=00000000 r13=00000000 r14=00000000 r15=00000000 
r16=00000000 r17=00000000 r18=00000000 r19=00000000 
r20=00000000 r21=000002bc r22=00000000 r23=00000000 
r24=00000000 r25=00000000 r26=00000000 r27=00000000 
r28=00000000 r29=00000000 r30=00000000 r31=00000000 

v==============Cycle Counter =    13==============v

[IF ]: Instruction [00000013]@[00001034]: addi	x0, x0, 0
[ID ]: Instruction [00000013]@[00001030]: addi	x0, x0, 0
[EX ]: Instruction [01ffdf13]@[0000102c]: srli	x30, x31, 31
[MEM]: Instruction [4133d293]@[00001028]: srai	x5, x7, 19
[WB ]: Instruction [95336213]@[00001024]: ori	x4, x6, -1709
r 0=00000000 r 1=00000000 r 2=00000000 r 3=00003000 
r 4=fffff953 r 5=00000623 r 6=00000000 r 7=fffffef1 
r 8=00000000 r 9=00000000 r10=00000000 r11=00000000 
r12=00000000 r13=00000000 r14=00000000 r15=00000000 
r16=00000000 r17=00000000 r18=00000000 r19=00000000 
r20=00000000 r21=000002bc r22=00000000 r23=00000000 
r24=00000000 r25=00000000 r26=00000000 r27=00000000 
r28=00000000 r29=00000000 r30=00000000 r31=00000000 

v==============Cycle Counter =    14==============v

[IF ]: Instruction [00000013]@[00001038]: addi	x0, x0, 0
[ID ]: Instruction [00000013]@[00001034]: addi	x0, x0, 0
[EX ]: Instruction [00000013]@[00001030]: addi	x0, x0, 0
[MEM]: Instruction [01ffdf13]@[0000102c]: srli	x30, x31, 31
[WB ]: Instruction [4133d293]@[00001028]: srai	x5, x7, 19
r 0=00000000 r 1=00000000 r 2=00000000 r 3=00003000 
r 4=fffff953 r 5=ffffffff r 6=00000000 r 7=fffffef1 
r 8=00000000 r 9=00000000 r10=00000000 r11=00000000 
r12=00000000 r13=00000000 r14=00000000 r15=00000000 
r16=00000000 r17=00000000 r18=00000000 r19=00000000 
r20=00000000 r21=000002bc r22=00000000 r23=00000000 
r24=00000000 r25=00000000 r26=00000000 r27=00000000 
r28=00000000 r29=00000000 r30=00000000 r31=00000000 

v==============Cycle Counter =    15==============v

[IF ]: Instruction [00000013]@[0000103c]: addi	x0, x0, 0
[ID ]: Instruction [00000013]@[00001038]: addi	x0, x0, 0
[EX ]: Instruction [00000013]@[00001034]: addi	x0, x0, 0
[MEM]: Instruction [00000013]@[00001030]: addi	x0, x0, 0
[WB ]: Instruction [01ffdf13]@[0000102c]: srli	x30, x31, 31
r 0=00000000 r 1=00000000 r 2=00000000 r 3=00003000 
r 4=fffff953 r 5=ffffffff r 6=00000000 r 7=fffffef1 
r 8=00000000 r 9=00000000 r10=00000000 r11=00000000 
r12=00000000 r13=00000000 r14=00000000 r15=00000000 
r16=00000000 r17=00000000 r18=00000000 r19=00000000 
r20=00000000 r21=000002bc r22=00000000 r23=00000000 
r24=00000000 r25=00000000 r26=00000000 r27=00000000 
r28=00000000 r29=00000000 r30=00000000 r31=00000000 

v==============Cycle Counter =    16==============v

[IF ]: Instruction [00000013]@[00001040]: addi	x0, x0, 0
[ID ]: Instruction [00000013]@[0000103c]: addi	x0, x0, 0
[EX ]: Instruction [00000013]@[00001038]: addi	x0, x0, 0
[MEM]: Instruction [00000013]@[00001034]: addi	x0, x0, 0
[WB ]: Instruction [00000013]@[00001030]: addi	x0, x0, 0
r 0=00000000 r 1=00000000 r 2=00000000 r 3=00003000 
r 4=fffff953 r 5=ffffffff r 6=00000000 r 7=fffffef1 
r 8=00000000 r 9=00000000 r10=00000000 r11=00000000 
r12=00000000 r13=00000000 r14=00000000 r15=00000000 
r16=00000000 r17=00000000 r18=00000000 r19=00000000 
r20=00000000 r21=000002bc r22=00000000 r23=00000000 
r24=00000000 r25=00000000 r26=00000000 r27=00000000 
r28=00000000 r29=00000000 r30=00000000 r31=00000000 

#Cycles            =    17
#Forwards (EX-EX)  =     0
#Forwards (EX-MEM) =     1
#Branches taken    =     0
#Stalls            =     0
