v==============Cycle Counter =     0==============v

[IF ]: Instruction [01e41eb3]@[00001000]: sll	x29, x8, x30
[ID ]: Instruction [00000000]@[00000000]: 
[EX ]: Instruction [00000000]@[00000000]: 
[MEM]: Instruction [00000000]@[00000000]: 
[WB ]: Instruction [00000000]@[00000000]: 
r 0=00000000 r 1=00000000 r 2=000effff r 3=00003000 
r 4=00000000 r 5=00000000 r 6=00000000 r 7=00000000 
r 8=00000000 r 9=00000000 r10=00000000 r11=00000000 
r12=00000000 r13=00000000 r14=00000000 r15=00000000 
r16=00000000 r17=00000000 r18=00000000 r19=00000000 
r20=00000000 r21=00000000 r22=00000000 r23=00000000 
r24=00000000 r25=00000000 r26=00000000 r27=00000000 
r28=00000000 r29=00000000 r30=00000000 r31=00000000 

v==============Cycle Counter =     1==============v

[IF ]: Instruction [007ecd33]@[00001004]: xor	x26, x29, x7
[ID ]: Instruction [01e41eb3]@[00001000]: sll	x29, x8, x30
[EX ]: Instruction [00000000]@[00000000]: 
[MEM]: Instruction [00000000]@[00000000]: 
[WB ]: Instruction [00000000]@[00000000]: 
r 0=00000000 r 1=00000000 r 2=000effff r 3=00003000 
r 4=00000000 r 5=00000000 r 6=00000000 r 7=00000000 
r 8=00000000 r 9=00000000 r10=00000000 r11=00000000 
r12=00000000 r13=00000000 r14=00000000 r15=00000000 
r16=00000000 r17=00000000 r18=00000000 r19=00000000 
r20=00000000 r21=00000000 r22=00000000 r23=00000000 
r24=00000000 r25=00000000 r26=00000000 r27=00000000 
r28=00000000 r29=00000000 r30=00000000 r31=00000000 

v==============Cycle Counter =     2==============v

[IF ]: Instruction [00474d33]@[00001008]: xor	x26, x14, x4
[ID ]: Instruction [007ecd33]@[00001004]: xor	x26, x29, x7
[EX ]: Instruction [01e41eb3]@[00001000]: sll	x29, x8, x30
[MEM]: Instruction [00000000]@[00000000]: 
[WB ]: Instruction [00000000]@[00000000]: 
r 0=00000000 r 1=00000000 r 2=000effff r 3=00003000 
r 4=00000000 r 5=00000000 r 6=00000000 r 7=00000000 
r 8=00000000 r 9=00000000 r10=00000000 r11=00000000 
r12=00000000 r13=00000000 r14=00000000 r15=00000000 
r16=00000000 r17=00000000 r18=00000000 r19=00000000 
r20=00000000 r21=00000000 r22=00000000 r23=00000000 
r24=00000000 r25=00000000 r26=00000000 r27=00000000 
r28=00000000 r29=00000000 r30=00000000 r31=00000000 

v==============Cycle Counter =     3==============v

[IF ]: Instruction [02470d33]@[0000100c]: mul	x26, x14, x4
[ID ]: Instruction [00474d33]@[00001008]: xor	x26, x14, x4
[FWD]: Resolving EX hazard on rs1: x29
[EX ]: Instruction [007ecd33]@[00001004]: xor	x26, x29, x7
[MEM]: Instruction [01e41eb3]@[00001000]: sll	x29, x8, x30
[WB ]: Instruction [00000000]@[00000000]: 
r 0=00000000 r 1=00000000 r 2=000effff r 3=00003000 
r 4=00000000 r 5=00000000 r 6=00000000 r 7=00000000 
r 8=00000000 r 9=00000000 r10=00000000 r11=00000000 
r12=00000000 r13=00000000 r14=00000000 r15=00000000 
r16=00000000 r17=00000000 r18=00000000 r19=00000000 
r20=00000000 r21=00000000 r22=00000000 r23=00000000 
r24=00000000 r25=00000000 r26=00000000 r27=00000000 
r28=00000000 r29=00000000 r30=00000000 r31=00000000 

v==============Cycle Counter =     4==============v

[IF ]: Instruction [0043f133]@[00001010]: and	x2, x7, x4
[ID ]: Instruction [02470d33]@[0000100c]: mul	x26, x14, x4
[EX ]: Instruction [00474d33]@[00001008]: xor	x26, x14, x4
[MEM]: Instruction [007ecd33]@[00001004]: xor	x26, x29, x7
[WB ]: Instruction [01e41eb3]@[00001000]: sll	x29, x8, x30
r 0=00000000 r 1=00000000 r 2=000effff r 3=00003000 
r 4=00000000 r 5=00000000 r 6=00000000 r 7=00000000 
r 8=00000000 r 9=00000000 r10=00000000 r11=00000000 
r12=00000000 r13=00000000 r14=00000000 r15=00000000 
r16=00000000 r17=00000000 r18=00000000 r19=00000000 
r20=00000000 r21=00000000 r22=00000000 r23=00000000 
r24=00000000 r25=00000000 r26=00000000 r27=00000000 
r28=00000000 r29=00000000 r30=00000000 r31=00000000 

v==============Cycle Counter =     5==============v

[IF ]: Instruction [01ae8933]@[00001014]: add	x18, x29, x26
[ID ]: Instruction [0043f133]@[00001010]: and	x2, x7, x4
[EX ]: Instruction [02470d33]@[0000100c]: mul	x26, x14, x4
[MEM]: Instruction [00474d33]@[00001008]: xor	x26, x14, x4
[WB ]: Instruction [007ecd33]@[00001004]: xor	x26, x29, x7
r 0=00000000 r 1=00000000 r 2=000effff r 3=00003000 
r 4=00000000 r 5=00000000 r 6=00000000 r 7=00000000 
r 8=00000000 r 9=00000000 r10=00000000 r11=00000000 
r12=00000000 r13=00000000 r14=00000000 r15=00000000 
r16=00000000 r17=00000000 r18=00000000 r19=00000000 
r20=00000000 r21=00000000 r22=00000000 r23=00000000 
r24=00000000 r25=00000000 r26=00000000 r27=00000000 
r28=00000000 r29=00000000 r30=00000000 r31=00000000 

v==============Cycle Counter =     6==============v

[IF ]: Instruction [01dd2433]@[00001018]: slt	x8, x26, x29
[ID ]: Instruction [01ae8933]@[00001014]: add	x18, x29, x26
[EX ]: Instruction [0043f133]@[00001010]: and	x2, x7, x4
[MEM]: Instruction [02470d33]@[0000100c]: mul	x26, x14, x4
[WB ]: Instruction [00474d33]@[00001008]: xor	x26, x14, x4
r 0=00000000 r 1=00000000 r 2=000effff r 3=00003000 
r 4=00000000 r 5=00000000 r 6=00000000 r 7=00000000 
r 8=00000000 r 9=00000000 r10=00000000 r11=00000000 
r12=00000000 r13=00000000 r14=00000000 r15=00000000 
r16=00000000 r17=00000000 r18=00000000 r19=00000000 
r20=00000000 r21=00000000 r22=00000000 r23=00000000 
r24=00000000 r25=00000000 r26=00000000 r27=00000000 
r28=00000000 r29=00000000 r30=00000000 r31=00000000 

v==============Cycle Counter =     7==============v

[IF ]: Instruction [02e20133]@[0000101c]: mul	x2, x4, x14
[ID ]: Instruction [01dd2433]@[00001018]: slt	x8, x26, x29
[FWD]: Resolving MEM hazard on rs2: x26
[EX ]: Instruction [01ae8933]@[00001014]: add	x18, x29, x26
[MEM]: Instruction [0043f133]@[00001010]: and	x2, x7, x4
[WB ]: Instruction [02470d33]@[0000100c]: mul	x26, x14, x4
r 0=00000000 r 1=00000000 r 2=000effff r 3=00003000 
r 4=00000000 r 5=00000000 r 6=00000000 r 7=00000000 
r 8=00000000 r 9=00000000 r10=00000000 r11=00000000 
r12=00000000 r13=00000000 r14=00000000 r15=00000000 
r16=00000000 r17=00000000 r18=00000000 r19=00000000 
r20=00000000 r21=00000000 r22=00000000 r23=00000000 
r24=00000000 r25=00000000 r26=00000000 r27=00000000 
r28=00000000 r29=00000000 r30=00000000 r31=00000000 

v==============Cycle Counter =     8==============v

[IF ]: Instruction [03211133]@[00001020]: mulh	x2, x2, x18
[ID ]: Instruction [02e20133]@[0000101c]: mul	x2, x4, x14
[EX ]: Instruction [01dd2433]@[00001018]: slt	x8, x26, x29
[MEM]: Instruction [01ae8933]@[00001014]: add	x18, x29, x26
[WB ]: Instruction [0043f133]@[00001010]: and	x2, x7, x4
r 0=00000000 r 1=00000000 r 2=00000000 r 3=00003000 
r 4=00000000 r 5=00000000 r 6=00000000 r 7=00000000 
r 8=00000000 r 9=00000000 r10=00000000 r11=00000000 
r12=00000000 r13=00000000 r14=00000000 r15=00000000 
r16=00000000 r17=00000000 r18=00000000 r19=00000000 
r20=00000000 r21=00000000 r22=00000000 r23=00000000 
r24=00000000 r25=00000000 r26=00000000 r27=00000000 
r28=00000000 r29=00000000 r30=00000000 r31=00000000 

v==============Cycle Counter =     9==============v

[IF ]: Instruction [01216933]@[00001024]: or	x18, x2, x18
[ID ]: Instruction [03211133]@[00001020]: mulh	x2, x2, x18
[EX ]: Instruction [02e20133]@[0000101c]: mul	x2, x4, x14
[MEM]: Instruction [01dd2433]@[00001018]: slt	x8, x26, x29
[WB ]: Instruction [01ae8933]@[00001014]: add	x18, x29, x26
r 0=00000000 r 1=00000000 r 2=00000000 r 3=00003000 
r 4=00000000 r 5=00000000 r 6=00000000 r 7=00000000 
r 8=00000000 r 9=00000000 r10=00000000 r11=00000000 
r12=00000000 r13=00000000 r14=00000000 r15=00000000 
r16=00000000 r17=00000000 r18=00000000 r19=00000000 
r20=00000000 r21=00000000 r22=00000000 r23=00000000 
r24=00000000 r25=00000000 r26=00000000 r27=00000000 
r28=00000000 r29=00000000 r30=00000000 r31=00000000 


========
[MAIN]: Flushing pipeline
========
v==============Cycle Counter =    10==============v

[IF ]: Instruction [00000013]@[00001028]: addi	x0, x0, 0
[ID ]: Instruction [01216933]@[00001024]: or	x18, x2, x18
[FWD]: Resolving EX hazard on rs1: x2
[EX ]: Instruction [03211133]@[00001020]: mulh	x2, x2, x18
[MEM]: Instruction [02e20133]@[0000101c]: mul	x2, x4, x14
[WB ]: Instruction [01dd2433]@[00001018]: slt	x8, x26, x29
r 0=00000000 r 1=00000000 r 2=00000000 r 3=00003000 
r 4=00000000 r 5=00000000 r 6=00000000 r 7=00000000 
r 8=00000000 r 9=00000000 r10=00000000 r11=00000000 
r12=00000000 r13=00000000 r14=00000000 r15=00000000 
r16=00000000 r17=00000000 r18=00000000 r19=00000000 
r20=00000000 r21=00000000 r22=00000000 r23=00000000 
r24=00000000 r25=00000000 r26=00000000 r27=00000000 
r28=00000000 r29=00000000 r30=00000000 r31=00000000 

v==============Cycle Counter =    11==============v

[IF ]: Instruction [00000013]@[0000102c]: addi	x0, x0, 0
[ID ]: Instruction [00000013]@[00001028]: addi	x0, x0, 0
[FWD]: Resolving EX hazard on rs1: x2
[EX ]: Instruction [01216933]@[00001024]: or	x18, x2, x18
[MEM]: Instruction [03211133]@[00001020]: mulh	x2, x2, x18
[WB ]: Instruction [02e20133]@[0000101c]: mul	x2, x4, x14
r 0=00000000 r 1=00000000 r 2=00000000 r 3=00003000 
r 4=00000000 r 5=00000000 r 6=00000000 r 7=00000000 
r 8=00000000 r 9=00000000 r10=00000000 r11=00000000 
r12=00000000 r13=00000000 r14=00000000 r15=00000000 
r16=00000000 r17=00000000 r18=00000000 r19=00000000 
r20=00000000 r21=00000000 r22=00000000 r23=00000000 
r24=00000000 r25=00000000 r26=00000000 r27=00000000 
r28=00000000 r29=00000000 r30=00000000 r31=00000000 

v==============Cycle Counter =    12==============v

[IF ]: Instruction [00000013]@[00001030]: addi	x0, x0, 0
[ID ]: Instruction [00000013]@[0000102c]: addi	x0, x0, 0
[EX ]: Instruction [00000013]@[00001028]: addi	x0, x0, 0
[MEM]: Instruction [01216933]@[00001024]: or	x18, x2, x18
[WB ]: Instruction [03211133]@[00001020]: mulh	x2, x2, x18
r 0=00000000 r 1=00000000 r 2=00000000 r 3=00003000 
r 4=00000000 r 5=00000000 r 6=00000000 r 7=00000000 
r 8=00000000 r 9=00000000 r10=00000000 r11=00000000 
r12=00000000 r13=00000000 r14=00000000 r15=00000000 
r16=00000000 r17=00000000 r18=00000000 r19=00000000 
r20=00000000 r21=00000000 r22=00000000 r23=00000000 
r24=00000000 r25=00000000 r26=00000000 r27=00000000 
r28=00000000 r29=00000000 r30=00000000 r31=00000000 

v==============Cycle Counter =    13==============v

[IF ]: Instruction [00000013]@[00001034]: addi	x0, x0, 0
[ID ]: Instruction [00000013]@[00001030]: addi	x0, x0, 0
[EX ]: Instruction [00000013]@[0000102c]: addi	x0, x0, 0
[MEM]: Instruction [00000013]@[00001028]: addi	x0, x0, 0
[WB ]: Instruction [01216933]@[00001024]: or	x18, x2, x18
r 0=00000000 r 1=00000000 r 2=00000000 r 3=00003000 
r 4=00000000 r 5=00000000 r 6=00000000 r 7=00000000 
r 8=00000000 r 9=00000000 r10=00000000 r11=00000000 
r12=00000000 r13=00000000 r14=00000000 r15=00000000 
r16=00000000 r17=00000000 r18=00000000 r19=00000000 
r20=00000000 r21=00000000 r22=00000000 r23=00000000 
r24=00000000 r25=00000000 r26=00000000 r27=00000000 
r28=00000000 r29=00000000 r30=00000000 r31=00000000 

v==============Cycle Counter =    14==============v

[IF ]: Instruction [00000013]@[00001038]: addi	x0, x0, 0
[ID ]: Instruction [00000013]@[00001034]: addi	x0, x0, 0
[EX ]: Instruction [00000013]@[00001030]: addi	x0, x0, 0
[MEM]: Instruction [00000013]@[0000102c]: addi	x0, x0, 0
[WB ]: Instruction [00000013]@[00001028]: addi	x0, x0, 0
r 0=00000000 r 1=00000000 r 2=00000000 r 3=00003000 
r 4=00000000 r 5=00000000 r 6=00000000 r 7=00000000 
r 8=00000000 r 9=00000000 r10=00000000 r11=00000000 
r12=00000000 r13=00000000 r14=00000000 r15=00000000 
r16=00000000 r17=00000000 r18=00000000 r19=00000000 
r20=00000000 r21=00000000 r22=00000000 r23=00000000 
r24=00000000 r25=00000000 r26=00000000 r27=00000000 
r28=00000000 r29=00000000 r30=00000000 r31=00000000 

#Cycles            =    15
#Forwards (EX-EX)  =     3
#Forwards (EX-MEM) =     1
#Branches taken    =     0
#Stalls            =     0
