v==============Cycle Counter =     0==============v

[IF ]: Instruction [00000433]@[00001000]: add	x8, x0, x0
[ID ]: Instruction [00000000]@[00000000]: 
[EX ]: Instruction [00000000]@[00000000]: 
[MEM]: Instruction [00000000]@[00000000]: 
[WB ]: Instruction [00000000]@[00000000]: 
r 0=00000000 r 1=00000000 r 2=000effff r 3=00003000 
r 4=00000000 r 5=00000000 r 6=00000000 r 7=00000000 
r 8=00000000 r 9=00000000 r10=00000000 r11=00000000 
r12=00000000 r13=00000000 r14=00000000 r15=00000000 
r16=00000000 r17=00000000 r18=00000000 r19=00000000 
r20=00000000 r21=00000000 r22=00000000 r23=00000000 
r24=00000000 r25=00000000 r26=00000000 r27=00000000 
r28=00000000 r29=00000000 r30=00000000 r31=00000000 

v==============Cycle Counter =     1==============v

[IF ]: Instruction [000004b3]@[00001004]: add	x9, x0, x0
[ID ]: Instruction [00000433]@[00001000]: add	x8, x0, x0
[EX ]: Instruction [00000000]@[00000000]: 
[MEM]: Instruction [00000000]@[00000000]: 
[WB ]: Instruction [00000000]@[00000000]: 
r 0=00000000 r 1=00000000 r 2=000effff r 3=00003000 
r 4=00000000 r 5=00000000 r 6=00000000 r 7=00000000 
r 8=00000000 r 9=00000000 r10=00000000 r11=00000000 
r12=00000000 r13=00000000 r14=00000000 r15=00000000 
r16=00000000 r17=00000000 r18=00000000 r19=00000000 
r20=00000000 r21=00000000 r22=00000000 r23=00000000 
r24=00000000 r25=00000000 r26=00000000 r27=00000000 
r28=00000000 r29=00000000 r30=00000000 r31=00000000 

v==============Cycle Counter =     2==============v

[IF ]: Instruction [40000933]@[00001008]: sub	x18, x0, x0
[ID ]: Instruction [000004b3]@[00001004]: add	x9, x0, x0
[EX ]: Instruction [00000433]@[00001000]: add	x8, x0, x0
[MEM]: Instruction [00000000]@[00000000]: 
[WB ]: Instruction [00000000]@[00000000]: 
r 0=00000000 r 1=00000000 r 2=000effff r 3=00003000 
r 4=00000000 r 5=00000000 r 6=00000000 r 7=00000000 
r 8=00000000 r 9=00000000 r10=00000000 r11=00000000 
r12=00000000 r13=00000000 r14=00000000 r15=00000000 
r16=00000000 r17=00000000 r18=00000000 r19=00000000 
r20=00000000 r21=00000000 r22=00000000 r23=00000000 
r24=00000000 r25=00000000 r26=00000000 r27=00000000 
r28=00000000 r29=00000000 r30=00000000 r31=00000000 

v==============Cycle Counter =     3==============v

[IF ]: Instruction [00e40413]@[0000100c]: addi	x8, x8, 14
[ID ]: Instruction [40000933]@[00001008]: sub	x18, x0, x0
[EX ]: Instruction [000004b3]@[00001004]: add	x9, x0, x0
[MEM]: Instruction [00000433]@[00001000]: add	x8, x0, x0
[WB ]: Instruction [00000000]@[00000000]: 
r 0=00000000 r 1=00000000 r 2=000effff r 3=00003000 
r 4=00000000 r 5=00000000 r 6=00000000 r 7=00000000 
r 8=00000000 r 9=00000000 r10=00000000 r11=00000000 
r12=00000000 r13=00000000 r14=00000000 r15=00000000 
r16=00000000 r17=00000000 r18=00000000 r19=00000000 
r20=00000000 r21=00000000 r22=00000000 r23=00000000 
r24=00000000 r25=00000000 r26=00000000 r27=00000000 
r28=00000000 r29=00000000 r30=00000000 r31=00000000 

v==============Cycle Counter =     4==============v

[IF ]: Instruction [01b48493]@[00001010]: addi	x9, x9, 27
[ID ]: Instruction [00e40413]@[0000100c]: addi	x8, x8, 14
[EX ]: Instruction [40000933]@[00001008]: sub	x18, x0, x0
[MEM]: Instruction [000004b3]@[00001004]: add	x9, x0, x0
[WB ]: Instruction [00000433]@[00001000]: add	x8, x0, x0
r 0=00000000 r 1=00000000 r 2=000effff r 3=00003000 
r 4=00000000 r 5=00000000 r 6=00000000 r 7=00000000 
r 8=00000000 r 9=00000000 r10=00000000 r11=00000000 
r12=00000000 r13=00000000 r14=00000000 r15=00000000 
r16=00000000 r17=00000000 r18=00000000 r19=00000000 
r20=00000000 r21=00000000 r22=00000000 r23=00000000 
r24=00000000 r25=00000000 r26=00000000 r27=00000000 
r28=00000000 r29=00000000 r30=00000000 r31=00000000 

v==============Cycle Counter =     5==============v

[IF ]: Instruction [00000013]@[00001014]: addi	x0, x0, 0
[ID ]: Instruction [01b48493]@[00001010]: addi	x9, x9, 27
[EX ]: Instruction [00e40413]@[0000100c]: addi	x8, x8, 14
[MEM]: Instruction [40000933]@[00001008]: sub	x18, x0, x0
[WB ]: Instruction [000004b3]@[00001004]: add	x9, x0, x0
r 0=00000000 r 1=00000000 r 2=000effff r 3=00003000 
r 4=00000000 r 5=00000000 r 6=00000000 r 7=00000000 
r 8=00000000 r 9=00000000 r10=00000000 r11=00000000 
r12=00000000 r13=00000000 r14=00000000 r15=00000000 
r16=00000000 r17=00000000 r18=00000000 r19=00000000 
r20=00000000 r21=00000000 r22=00000000 r23=00000000 
r24=00000000 r25=00000000 r26=00000000 r27=00000000 
r28=00000000 r29=00000000 r30=00000000 r31=00000000 

v==============Cycle Counter =     6==============v

[IF ]: Instruction [00000013]@[00001018]: addi	x0, x0, 0
[ID ]: Instruction [00000013]@[00001014]: addi	x0, x0, 0
[EX ]: Instruction [01b48493]@[00001010]: addi	x9, x9, 27
[MEM]: Instruction [00e40413]@[0000100c]: addi	x8, x8, 14
[WB ]: Instruction [40000933]@[00001008]: sub	x18, x0, x0
r 0=00000000 r 1=00000000 r 2=000effff r 3=00003000 
r 4=00000000 r 5=00000000 r 6=00000000 r 7=00000000 
r 8=00000000 r 9=00000000 r10=00000000 r11=00000000 
r12=00000000 r13=00000000 r14=00000000 r15=00000000 
r16=00000000 r17=00000000 r18=00000000 r19=00000000 
r20=00000000 r21=00000000 r22=00000000 r23=00000000 
r24=00000000 r25=00000000 r26=00000000 r27=00000000 
r28=00000000 r29=00000000 r30=00000000 r31=00000000 

v==============Cycle Counter =     7==============v

[IF ]: Instruction [00040e63]@[0000101c]: beq	x8, x0, 28
[ID ]: Instruction [00000013]@[00001018]: addi	x0, x0, 0
[EX ]: Instruction [00000013]@[00001014]: addi	x0, x0, 0
[MEM]: Instruction [01b48493]@[00001010]: addi	x9, x9, 27
[WB ]: Instruction [00e40413]@[0000100c]: addi	x8, x8, 14
r 0=00000000 r 1=00000000 r 2=000effff r 3=00003000 
r 4=00000000 r 5=00000000 r 6=00000000 r 7=00000000 
r 8=0000000e r 9=00000000 r10=00000000 r11=00000000 
r12=00000000 r13=00000000 r14=00000000 r15=00000000 
r16=00000000 r17=00000000 r18=00000000 r19=00000000 
r20=00000000 r21=00000000 r22=00000000 r23=00000000 
r24=00000000 r25=00000000 r26=00000000 r27=00000000 
r28=00000000 r29=00000000 r30=00000000 r31=00000000 

v==============Cycle Counter =     8==============v

[IF ]: Instruction [00000013]@[00001020]: addi	x0, x0, 0
[ID ]: Instruction [00040e63]@[0000101c]: beq	x8, x0, 28
[EX ]: Instruction [00000013]@[00001018]: addi	x0, x0, 0
[MEM]: Instruction [00000013]@[00001014]: addi	x0, x0, 0
[WB ]: Instruction [01b48493]@[00001010]: addi	x9, x9, 27
r 0=00000000 r 1=00000000 r 2=000effff r 3=00003000 
r 4=00000000 r 5=00000000 r 6=00000000 r 7=00000000 
r 8=0000000e r 9=0000001b r10=00000000 r11=00000000 
r12=00000000 r13=00000000 r14=00000000 r15=00000000 
r16=00000000 r17=00000000 r18=00000000 r19=00000000 
r20=00000000 r21=00000000 r22=00000000 r23=00000000 
r24=00000000 r25=00000000 r26=00000000 r27=00000000 
r28=00000000 r29=00000000 r30=00000000 r31=00000000 

v==============Cycle Counter =     9==============v

[IF ]: Instruction [00000013]@[00001024]: addi	x0, x0, 0
[ID ]: Instruction [00000013]@[00001020]: addi	x0, x0, 0
[EX ]: Instruction [00040e63]@[0000101c]: beq	x8, x0, 28
[MEM]: Instruction [00000013]@[00001018]: addi	x0, x0, 0
[WB ]: Instruction [00000013]@[00001014]: addi	x0, x0, 0
r 0=00000000 r 1=00000000 r 2=000effff r 3=00003000 
r 4=00000000 r 5=00000000 r 6=00000000 r 7=00000000 
r 8=0000000e r 9=0000001b r10=00000000 r11=00000000 
r12=00000000 r13=00000000 r14=00000000 r15=00000000 
r16=00000000 r17=00000000 r18=00000000 r19=00000000 
r20=00000000 r21=00000000 r22=00000000 r23=00000000 
r24=00000000 r25=00000000 r26=00000000 r27=00000000 
r28=00000000 r29=00000000 r30=00000000 r31=00000000 

v==============Cycle Counter =    10==============v

[IF ]: Instruction [00990933]@[00001028]: add	x18, x18, x9
[ID ]: Instruction [00000013]@[00001024]: addi	x0, x0, 0
[EX ]: Instruction [00000013]@[00001020]: addi	x0, x0, 0
[MEM]: Instruction [00040e63]@[0000101c]: beq	x8, x0, 28
[WB ]: Instruction [00000013]@[00001018]: addi	x0, x0, 0
r 0=00000000 r 1=00000000 r 2=000effff r 3=00003000 
r 4=00000000 r 5=00000000 r 6=00000000 r 7=00000000 
r 8=0000000e r 9=0000001b r10=00000000 r11=00000000 
r12=00000000 r13=00000000 r14=00000000 r15=00000000 
r16=00000000 r17=00000000 r18=00000000 r19=00000000 
r20=00000000 r21=00000000 r22=00000000 r23=00000000 
r24=00000000 r25=00000000 r26=00000000 r27=00000000 
r28=00000000 r29=00000000 r30=00000000 r31=00000000 

v==============Cycle Counter =    11==============v

[IF ]: Instruction [fff40413]@[0000102c]: addi	x8, x8, 2047
[ID ]: Instruction [00990933]@[00001028]: add	x18, x18, x9
[EX ]: Instruction [00000013]@[00001024]: addi	x0, x0, 0
[MEM]: Instruction [00000013]@[00001020]: addi	x0, x0, 0
[WB ]: Instruction [00040e63]@[0000101c]: beq	x8, x0, 28
r 0=00000000 r 1=00000000 r 2=000effff r 3=00003000 
r 4=00000000 r 5=00000000 r 6=00000000 r 7=00000000 
r 8=0000000e r 9=0000001b r10=00000000 r11=00000000 
r12=00000000 r13=00000000 r14=00000000 r15=00000000 
r16=00000000 r17=00000000 r18=00000000 r19=00000000 
r20=00000000 r21=00000000 r22=00000000 r23=00000000 
r24=00000000 r25=00000000 r26=00000000 r27=00000000 
r28=00000000 r29=00000000 r30=00000000 r31=00000000 

v==============Cycle Counter =    12==============v

[IF ]: Instruction [00000013]@[00001030]: addi	x0, x0, 0
[ID ]: Instruction [7ff40413]@[0000102c]: addi	x8, x8, 2047
[EX ]: Instruction [00990933]@[00001028]: add	x18, x18, x9
[MEM]: Instruction [00000013]@[00001024]: addi	x0, x0, 0
[WB ]: Instruction [00000013]@[00001020]: addi	x0, x0, 0
r 0=00000000 r 1=00000000 r 2=000effff r 3=00003000 
r 4=00000000 r 5=00000000 r 6=00000000 r 7=00000000 
r 8=0000000e r 9=0000001b r10=00000000 r11=00000000 
r12=00000000 r13=00000000 r14=00000000 r15=00000000 
r16=00000000 r17=00000000 r18=00000000 r19=00000000 
r20=00000000 r21=00000000 r22=00000000 r23=00000000 
r24=00000000 r25=00000000 r26=00000000 r27=00000000 
r28=00000000 r29=00000000 r30=00000000 r31=00000000 

v==============Cycle Counter =    13==============v

[IF ]: Instruction [fe9ff06f]@[00001034]: jal	x0, 1046528
[ID ]: Instruction [00000013]@[00001030]: addi	x0, x0, 0
[EX ]: Instruction [7ff40413]@[0000102c]: addi	x8, x8, 2047
[MEM]: Instruction [00990933]@[00001028]: add	x18, x18, x9
[WB ]: Instruction [00000013]@[00001024]: addi	x0, x0, 0
r 0=00000000 r 1=00000000 r 2=000effff r 3=00003000 
r 4=00000000 r 5=00000000 r 6=00000000 r 7=00000000 
r 8=0000000e r 9=0000001b r10=00000000 r11=00000000 
r12=00000000 r13=00000000 r14=00000000 r15=00000000 
r16=00000000 r17=00000000 r18=00000000 r19=00000000 
r20=00000000 r21=00000000 r22=00000000 r23=00000000 
r24=00000000 r25=00000000 r26=00000000 r27=00000000 
r28=00000000 r29=00000000 r30=00000000 r31=00000000 

v==============Cycle Counter =    14==============v

[IF ]: Instruction [00100993]@[00001038]: addi	x19, x0, 1
[ID ]: Instruction [001ff06f]@[00001034]: jal	x0, 1046528
[EX ]: Instruction [00000013]@[00001030]: addi	x0, x0, 0
[MEM]: Instruction [7ff40413]@[0000102c]: addi	x8, x8, 2047
[WB ]: Instruction [00990933]@[00001028]: add	x18, x18, x9
r 0=00000000 r 1=00000000 r 2=000effff r 3=00003000 
r 4=00000000 r 5=00000000 r 6=00000000 r 7=00000000 
r 8=0000000e r 9=0000001b r10=00000000 r11=00000000 
r12=00000000 r13=00000000 r14=00000000 r15=00000000 
r16=00000000 r17=00000000 r18=0000001b r19=00000000 
r20=00000000 r21=00000000 r22=00000000 r23=00000000 
r24=00000000 r25=00000000 r26=00000000 r27=00000000 
r28=00000000 r29=00000000 r30=00000000 r31=00000000 

v==============Cycle Counter =    15==============v

[IF ]: Instruction [ffc10113]@[0000103c]: addi	x2, x2, 2044
[ID ]: Instruction [00100993]@[00001038]: addi	x19, x0, 1
[EX ]: Instruction [001ff06f]@[00001034]: jal	x0, 1046528
[MEM]: Instruction [00000013]@[00001030]: addi	x0, x0, 0
[WB ]: Instruction [7ff40413]@[0000102c]: addi	x8, x8, 2047
r 0=00000000 r 1=00000000 r 2=000effff r 3=00003000 
r 4=00000000 r 5=00000000 r 6=00000000 r 7=00000000 
r 8=0000080d r 9=0000001b r10=00000000 r11=00000000 
r12=00000000 r13=00000000 r14=00000000 r15=00000000 
r16=00000000 r17=00000000 r18=0000001b r19=00000000 
r20=00000000 r21=00000000 r22=00000000 r23=00000000 
r24=00000000 r25=00000000 r26=00000000 r27=00000000 
r28=00000000 r29=00000000 r30=00000000 r31=00000000 

v==============Cycle Counter =    16==============v

[IF ]: Instruction [00000013]@[00001040]: addi	x0, x0, 0
[ID ]: Instruction [7fc10113]@[0000103c]: addi	x2, x2, 2044
[EX ]: Instruction [00100993]@[00001038]: addi	x19, x0, 1
[MEM]: Instruction [001ff06f]@[00001034]: jal	x0, 1046528
[WB ]: Instruction [00000013]@[00001030]: addi	x0, x0, 0
r 0=00000000 r 1=00000000 r 2=000effff r 3=00003000 
r 4=00000000 r 5=00000000 r 6=00000000 r 7=00000000 
r 8=0000080d r 9=0000001b r10=00000000 r11=00000000 
r12=00000000 r13=00000000 r14=00000000 r15=00000000 
r16=00000000 r17=00000000 r18=0000001b r19=00000000 
r20=00000000 r21=00000000 r22=00000000 r23=00000000 
r24=00000000 r25=00000000 r26=00000000 r27=00000000 
r28=00000000 r29=00000000 r30=00000000 r31=00000000 

v==============Cycle Counter =    17==============v

