v==============Cycle Counter =     0==============v

[IF ]: Instruction [fffff2b7]@[00001000]: lui	x5, 1048575
[ID ]: Instruction [00000000]@[00000000]: 
[EX ]: Instruction [00000000]@[00000000]: 
[MEM]: Instruction [00000000]@[00000000]: 
[WB ]: Instruction [00000000]@[00000000]: 
r 0=00000000 r 1=00000000 r 2=000effff r 3=00003000 
r 4=00000000 r 5=00000000 r 6=00000000 r 7=00000000 
r 8=00000000 r 9=00000000 r10=00000000 r11=00000000 
r12=00000000 r13=00000000 r14=00000000 r15=00000000 
r16=00000000 r17=00000000 r18=00000000 r19=00000000 
r20=00000000 r21=00000000 r22=00000000 r23=00000000 
r24=00000000 r25=00000000 r26=00000000 r27=00000000 
r28=00000000 r29=00000000 r30=00000000 r31=00000000 

v==============Cycle Counter =     1==============v

[IF ]: Instruction [00000013]@[00001004]: addi	x0, x0, 0
[ID ]: Instruction [fffff2b7]@[00001000]: lui	x5, 1048575
[EX ]: Instruction [00000000]@[00000000]: 
[MEM]: Instruction [00000000]@[00000000]: 
[WB ]: Instruction [00000000]@[00000000]: 
r 0=00000000 r 1=00000000 r 2=000effff r 3=00003000 
r 4=00000000 r 5=00000000 r 6=00000000 r 7=00000000 
r 8=00000000 r 9=00000000 r10=00000000 r11=00000000 
r12=00000000 r13=00000000 r14=00000000 r15=00000000 
r16=00000000 r17=00000000 r18=00000000 r19=00000000 
r20=00000000 r21=00000000 r22=00000000 r23=00000000 
r24=00000000 r25=00000000 r26=00000000 r27=00000000 
r28=00000000 r29=00000000 r30=00000000 r31=00000000 

v==============Cycle Counter =     2==============v

[IF ]: Instruction [00000013]@[00001008]: addi	x0, x0, 0
[ID ]: Instruction [00000013]@[00001004]: addi	x0, x0, 0
[EX ]: Instruction [fffff2b7]@[00001000]: lui	x5, 1048575
[MEM]: Instruction [00000000]@[00000000]: 
[WB ]: Instruction [00000000]@[00000000]: 
r 0=00000000 r 1=00000000 r 2=000effff r 3=00003000 
r 4=00000000 r 5=00000000 r 6=00000000 r 7=00000000 
r 8=00000000 r 9=00000000 r10=00000000 r11=00000000 
r12=00000000 r13=00000000 r14=00000000 r15=00000000 
r16=00000000 r17=00000000 r18=00000000 r19=00000000 
r20=00000000 r21=00000000 r22=00000000 r23=00000000 
r24=00000000 r25=00000000 r26=00000000 r27=00000000 
r28=00000000 r29=00000000 r30=00000000 r31=00000000 

v==============Cycle Counter =     3==============v

[IF ]: Instruction [00000013]@[0000100c]: addi	x0, x0, 0
[ID ]: Instruction [00000013]@[00001008]: addi	x0, x0, 0
[EX ]: Instruction [00000013]@[00001004]: addi	x0, x0, 0
[MEM]: Instruction [fffff2b7]@[00001000]: lui	x5, 1048575
[WB ]: Instruction [00000000]@[00000000]: 
r 0=00000000 r 1=00000000 r 2=000effff r 3=00003000 
r 4=00000000 r 5=00000000 r 6=00000000 r 7=00000000 
r 8=00000000 r 9=00000000 r10=00000000 r11=00000000 
r12=00000000 r13=00000000 r14=00000000 r15=00000000 
r16=00000000 r17=00000000 r18=00000000 r19=00000000 
r20=00000000 r21=00000000 r22=00000000 r23=00000000 
r24=00000000 r25=00000000 r26=00000000 r27=00000000 
r28=00000000 r29=00000000 r30=00000000 r31=00000000 

v==============Cycle Counter =     4==============v

[IF ]: Instruction [7ff2e293]@[00001010]: ori	x5, x5, 2047
[ID ]: Instruction [00000013]@[0000100c]: addi	x0, x0, 0
[EX ]: Instruction [00000013]@[00001008]: addi	x0, x0, 0
[MEM]: Instruction [00000013]@[00001004]: addi	x0, x0, 0
[WB ]: Instruction [fffff2b7]@[00001000]: lui	x5, 1048575
r 0=00000000 r 1=00000000 r 2=000effff r 3=00003000 
r 4=00000000 r 5=fffff000 r 6=00000000 r 7=00000000 
r 8=00000000 r 9=00000000 r10=00000000 r11=00000000 
r12=00000000 r13=00000000 r14=00000000 r15=00000000 
r16=00000000 r17=00000000 r18=00000000 r19=00000000 
r20=00000000 r21=00000000 r22=00000000 r23=00000000 
r24=00000000 r25=00000000 r26=00000000 r27=00000000 
r28=00000000 r29=00000000 r30=00000000 r31=00000000 

v==============Cycle Counter =     5==============v

[IF ]: Instruction [ffd10113]@[00001014]: addi	x2, x2, -3
[ID ]: Instruction [7ff2e293]@[00001010]: ori	x5, x5, 2047
[EX ]: Instruction [00000013]@[0000100c]: addi	x0, x0, 0
[MEM]: Instruction [00000013]@[00001008]: addi	x0, x0, 0
[WB ]: Instruction [00000013]@[00001004]: addi	x0, x0, 0
r 0=00000000 r 1=00000000 r 2=000effff r 3=00003000 
r 4=00000000 r 5=fffff000 r 6=00000000 r 7=00000000 
r 8=00000000 r 9=00000000 r10=00000000 r11=00000000 
r12=00000000 r13=00000000 r14=00000000 r15=00000000 
r16=00000000 r17=00000000 r18=00000000 r19=00000000 
r20=00000000 r21=00000000 r22=00000000 r23=00000000 
r24=00000000 r25=00000000 r26=00000000 r27=00000000 
r28=00000000 r29=00000000 r30=00000000 r31=00000000 

v==============Cycle Counter =     6==============v

[IF ]: Instruction [00000013]@[00001018]: addi	x0, x0, 0
[ID ]: Instruction [ffd10113]@[00001014]: addi	x2, x2, -3
[EX ]: Instruction [7ff2e293]@[00001010]: ori	x5, x5, 2047
[MEM]: Instruction [00000013]@[0000100c]: addi	x0, x0, 0
[WB ]: Instruction [00000013]@[00001008]: addi	x0, x0, 0
r 0=00000000 r 1=00000000 r 2=000effff r 3=00003000 
r 4=00000000 r 5=fffff000 r 6=00000000 r 7=00000000 
r 8=00000000 r 9=00000000 r10=00000000 r11=00000000 
r12=00000000 r13=00000000 r14=00000000 r15=00000000 
r16=00000000 r17=00000000 r18=00000000 r19=00000000 
r20=00000000 r21=00000000 r22=00000000 r23=00000000 
r24=00000000 r25=00000000 r26=00000000 r27=00000000 
r28=00000000 r29=00000000 r30=00000000 r31=00000000 

v==============Cycle Counter =     7==============v

[IF ]: Instruction [00000013]@[0000101c]: addi	x0, x0, 0
[ID ]: Instruction [00000013]@[00001018]: addi	x0, x0, 0
[EX ]: Instruction [ffd10113]@[00001014]: addi	x2, x2, -3
[MEM]: Instruction [7ff2e293]@[00001010]: ori	x5, x5, 2047
[WB ]: Instruction [00000013]@[0000100c]: addi	x0, x0, 0
r 0=00000000 r 1=00000000 r 2=000effff r 3=00003000 
r 4=00000000 r 5=fffff000 r 6=00000000 r 7=00000000 
r 8=00000000 r 9=00000000 r10=00000000 r11=00000000 
r12=00000000 r13=00000000 r14=00000000 r15=00000000 
r16=00000000 r17=00000000 r18=00000000 r19=00000000 
r20=00000000 r21=00000000 r22=00000000 r23=00000000 
r24=00000000 r25=00000000 r26=00000000 r27=00000000 
r28=00000000 r29=00000000 r30=00000000 r31=00000000 

v==============Cycle Counter =     8==============v

[IF ]: Instruction [00000013]@[00001020]: addi	x0, x0, 0
[ID ]: Instruction [00000013]@[0000101c]: addi	x0, x0, 0
[EX ]: Instruction [00000013]@[00001018]: addi	x0, x0, 0
[MEM]: Instruction [ffd10113]@[00001014]: addi	x2, x2, -3
[WB ]: Instruction [7ff2e293]@[00001010]: ori	x5, x5, 2047
r 0=00000000 r 1=00000000 r 2=000effff r 3=00003000 
r 4=00000000 r 5=fffff7ff r 6=00000000 r 7=00000000 
r 8=00000000 r 9=00000000 r10=00000000 r11=00000000 
r12=00000000 r13=00000000 r14=00000000 r15=00000000 
r16=00000000 r17=00000000 r18=00000000 r19=00000000 
r20=00000000 r21=00000000 r22=00000000 r23=00000000 
r24=00000000 r25=00000000 r26=00000000 r27=00000000 
r28=00000000 r29=00000000 r30=00000000 r31=00000000 

v==============Cycle Counter =     9==============v

[IF ]: Instruction [00510023]@[00001024]: sb	x5, 0(x2)
[ID ]: Instruction [00000013]@[00001020]: addi	x0, x0, 0
[EX ]: Instruction [00000013]@[0000101c]: addi	x0, x0, 0
[MEM]: Instruction [00000013]@[00001018]: addi	x0, x0, 0
[WB ]: Instruction [ffd10113]@[00001014]: addi	x2, x2, -3
r 0=00000000 r 1=00000000 r 2=000efffc r 3=00003000 
r 4=00000000 r 5=fffff7ff r 6=00000000 r 7=00000000 
r 8=00000000 r 9=00000000 r10=00000000 r11=00000000 
r12=00000000 r13=00000000 r14=00000000 r15=00000000 
r16=00000000 r17=00000000 r18=00000000 r19=00000000 
r20=00000000 r21=00000000 r22=00000000 r23=00000000 
r24=00000000 r25=00000000 r26=00000000 r27=00000000 
r28=00000000 r29=00000000 r30=00000000 r31=00000000 

v==============Cycle Counter =    10==============v

[IF ]: Instruction [00000013]@[00001028]: addi	x0, x0, 0
[ID ]: Instruction [00510023]@[00001024]: sb	x5, 0(x2)
[EX ]: Instruction [00000013]@[00001020]: addi	x0, x0, 0
[MEM]: Instruction [00000013]@[0000101c]: addi	x0, x0, 0
[WB ]: Instruction [00000013]@[00001018]: addi	x0, x0, 0
r 0=00000000 r 1=00000000 r 2=000efffc r 3=00003000 
r 4=00000000 r 5=fffff7ff r 6=00000000 r 7=00000000 
r 8=00000000 r 9=00000000 r10=00000000 r11=00000000 
r12=00000000 r13=00000000 r14=00000000 r15=00000000 
r16=00000000 r17=00000000 r18=00000000 r19=00000000 
r20=00000000 r21=00000000 r22=00000000 r23=00000000 
r24=00000000 r25=00000000 r26=00000000 r27=00000000 
r28=00000000 r29=00000000 r30=00000000 r31=00000000 

v==============Cycle Counter =    11==============v

[IF ]: Instruction [00000013]@[0000102c]: addi	x0, x0, 0
[ID ]: Instruction [00000013]@[00001028]: addi	x0, x0, 0
[EX ]: Instruction [00510023]@[00001024]: sb	x5, 0(x2)
[MEM]: Instruction [00000013]@[00001020]: addi	x0, x0, 0
[WB ]: Instruction [00000013]@[0000101c]: addi	x0, x0, 0
r 0=00000000 r 1=00000000 r 2=000efffc r 3=00003000 
r 4=00000000 r 5=fffff7ff r 6=00000000 r 7=00000000 
r 8=00000000 r 9=00000000 r10=00000000 r11=00000000 
r12=00000000 r13=00000000 r14=00000000 r15=00000000 
r16=00000000 r17=00000000 r18=00000000 r19=00000000 
r20=00000000 r21=00000000 r22=00000000 r23=00000000 
r24=00000000 r25=00000000 r26=00000000 r27=00000000 
r28=00000000 r29=00000000 r30=00000000 r31=00000000 

v==============Cycle Counter =    12==============v

[IF ]: Instruction [005110a3]@[00001030]: sh	x5, 1(x2)
[ID ]: Instruction [00000013]@[0000102c]: addi	x0, x0, 0
[EX ]: Instruction [00000013]@[00001028]: addi	x0, x0, 0
[MEM]: Instruction [00510023]@[00001024]: sb	x5, 0(x2)
[WB ]: Instruction [00000013]@[00001020]: addi	x0, x0, 0
r 0=00000000 r 1=00000000 r 2=000efffc r 3=00003000 
r 4=00000000 r 5=fffff7ff r 6=00000000 r 7=00000000 
r 8=00000000 r 9=00000000 r10=00000000 r11=00000000 
r12=00000000 r13=00000000 r14=00000000 r15=00000000 
r16=00000000 r17=00000000 r18=00000000 r19=00000000 
r20=00000000 r21=00000000 r22=00000000 r23=00000000 
r24=00000000 r25=00000000 r26=00000000 r27=00000000 
r28=00000000 r29=00000000 r30=00000000 r31=00000000 

v==============Cycle Counter =    13==============v

[IF ]: Instruction [7ff2c293]@[00001034]: xori	x5, x5, 2047
[ID ]: Instruction [005110a3]@[00001030]: sh	x5, 1(x2)
[EX ]: Instruction [00000013]@[0000102c]: addi	x0, x0, 0
[MEM]: Instruction [00000013]@[00001028]: addi	x0, x0, 0
[WB ]: Instruction [00510023]@[00001024]: sb	x5, 0(x2)
r 0=00000000 r 1=00000000 r 2=000efffc r 3=00003000 
r 4=00000000 r 5=fffff7ff r 6=00000000 r 7=00000000 
r 8=00000000 r 9=00000000 r10=00000000 r11=00000000 
r12=00000000 r13=00000000 r14=00000000 r15=00000000 
r16=00000000 r17=00000000 r18=00000000 r19=00000000 
r20=00000000 r21=00000000 r22=00000000 r23=00000000 
r24=00000000 r25=00000000 r26=00000000 r27=00000000 
r28=00000000 r29=00000000 r30=00000000 r31=00000000 

v==============Cycle Counter =    14==============v

[IF ]: Instruction [00010403]@[00001038]: lb	x8, 0(x2)
[ID ]: Instruction [7ff2c293]@[00001034]: xori	x5, x5, 2047
[EX ]: Instruction [005110a3]@[00001030]: sh	x5, 1(x2)
[MEM]: Instruction [00000013]@[0000102c]: addi	x0, x0, 0
[WB ]: Instruction [00000013]@[00001028]: addi	x0, x0, 0
r 0=00000000 r 1=00000000 r 2=000efffc r 3=00003000 
r 4=00000000 r 5=fffff7ff r 6=00000000 r 7=00000000 
r 8=00000000 r 9=00000000 r10=00000000 r11=00000000 
r12=00000000 r13=00000000 r14=00000000 r15=00000000 
r16=00000000 r17=00000000 r18=00000000 r19=00000000 
r20=00000000 r21=00000000 r22=00000000 r23=00000000 
r24=00000000 r25=00000000 r26=00000000 r27=00000000 
r28=00000000 r29=00000000 r30=00000000 r31=00000000 

v==============Cycle Counter =    15==============v

[IF ]: Instruction [00111483]@[0000103c]: lh	x9, 1(x2)
[ID ]: Instruction [00010403]@[00001038]: lb	x8, 0(x2)
[EX ]: Instruction [7ff2c293]@[00001034]: xori	x5, x5, 2047
[MEM]: Instruction [005110a3]@[00001030]: sh	x5, 1(x2)
[WB ]: Instruction [00000013]@[0000102c]: addi	x0, x0, 0
r 0=00000000 r 1=00000000 r 2=000efffc r 3=00003000 
r 4=00000000 r 5=fffff7ff r 6=00000000 r 7=00000000 
r 8=00000000 r 9=00000000 r10=00000000 r11=00000000 
r12=00000000 r13=00000000 r14=00000000 r15=00000000 
r16=00000000 r17=00000000 r18=00000000 r19=00000000 
r20=00000000 r21=00000000 r22=00000000 r23=00000000 
r24=00000000 r25=00000000 r26=00000000 r27=00000000 
r28=00000000 r29=00000000 r30=00000000 r31=00000000 

v==============Cycle Counter =    16==============v

[IF ]: Instruction [41f2d293]@[00001040]: srai	x5, x5, 31
[ID ]: Instruction [00111483]@[0000103c]: lh	x9, 1(x2)
[EX ]: Instruction [00010403]@[00001038]: lb	x8, 0(x2)
[MEM]: Instruction [7ff2c293]@[00001034]: xori	x5, x5, 2047
[WB ]: Instruction [005110a3]@[00001030]: sh	x5, 1(x2)
r 0=00000000 r 1=00000000 r 2=000efffc r 3=00003000 
r 4=00000000 r 5=fffff7ff r 6=00000000 r 7=00000000 
r 8=00000000 r 9=00000000 r10=00000000 r11=00000000 
r12=00000000 r13=00000000 r14=00000000 r15=00000000 
r16=00000000 r17=00000000 r18=00000000 r19=00000000 
r20=00000000 r21=00000000 r22=00000000 r23=00000000 
r24=00000000 r25=00000000 r26=00000000 r27=00000000 
r28=00000000 r29=00000000 r30=00000000 r31=00000000 

v==============Cycle Counter =    17==============v

[IF ]: Instruction [00000013]@[00001044]: addi	x0, x0, 0
[ID ]: Instruction [41f2d293]@[00001040]: srai	x5, x5, 31
[EX ]: Instruction [00111483]@[0000103c]: lh	x9, 1(x2)
[MEM]: Instruction [00010403]@[00001038]: lb	x8, 0(x2)
[WB ]: Instruction [7ff2c293]@[00001034]: xori	x5, x5, 2047
r 0=00000000 r 1=00000000 r 2=000efffc r 3=00003000 
r 4=00000000 r 5=fffff000 r 6=00000000 r 7=00000000 
r 8=00000000 r 9=00000000 r10=00000000 r11=00000000 
r12=00000000 r13=00000000 r14=00000000 r15=00000000 
r16=00000000 r17=00000000 r18=00000000 r19=00000000 
r20=00000000 r21=00000000 r22=00000000 r23=00000000 
r24=00000000 r25=00000000 r26=00000000 r27=00000000 
r28=00000000 r29=00000000 r30=00000000 r31=00000000 

v==============Cycle Counter =    18==============v

[IF ]: Instruction [00000013]@[00001048]: addi	x0, x0, 0
[ID ]: Instruction [00000013]@[00001044]: addi	x0, x0, 0
[EX ]: Instruction [41f2d293]@[00001040]: srai	x5, x5, 31
[MEM]: Instruction [00111483]@[0000103c]: lh	x9, 1(x2)
[WB ]: Instruction [00010403]@[00001038]: lb	x8, 0(x2)
r 0=00000000 r 1=00000000 r 2=000efffc r 3=00003000 
r 4=00000000 r 5=fffff000 r 6=00000000 r 7=00000000 
r 8=ffffffff r 9=00000000 r10=00000000 r11=00000000 
r12=00000000 r13=00000000 r14=00000000 r15=00000000 
r16=00000000 r17=00000000 r18=00000000 r19=00000000 
r20=00000000 r21=00000000 r22=00000000 r23=00000000 
r24=00000000 r25=00000000 r26=00000000 r27=00000000 
r28=00000000 r29=00000000 r30=00000000 r31=00000000 

v==============Cycle Counter =    19==============v

[IF ]: Instruction [00000013]@[0000104c]: addi	x0, x0, 0
[ID ]: Instruction [00000013]@[00001048]: addi	x0, x0, 0
[EX ]: Instruction [00000013]@[00001044]: addi	x0, x0, 0
[MEM]: Instruction [41f2d293]@[00001040]: srai	x5, x5, 31
[WB ]: Instruction [00111483]@[0000103c]: lh	x9, 1(x2)
r 0=00000000 r 1=00000000 r 2=000efffc r 3=00003000 
r 4=00000000 r 5=fffff000 r 6=00000000 r 7=00000000 
r 8=ffffffff r 9=fffff7ff r10=00000000 r11=00000000 
r12=00000000 r13=00000000 r14=00000000 r15=00000000 
r16=00000000 r17=00000000 r18=00000000 r19=00000000 
r20=00000000 r21=00000000 r22=00000000 r23=00000000 
r24=00000000 r25=00000000 r26=00000000 r27=00000000 
r28=00000000 r29=00000000 r30=00000000 r31=00000000 

v==============Cycle Counter =    20==============v

[IF ]: Instruction [0002a533]@[00001050]: slt	x10, x5, x0
[ID ]: Instruction [00000013]@[0000104c]: addi	x0, x0, 0
[EX ]: Instruction [00000013]@[00001048]: addi	x0, x0, 0
[MEM]: Instruction [00000013]@[00001044]: addi	x0, x0, 0
[WB ]: Instruction [41f2d293]@[00001040]: srai	x5, x5, 31
r 0=00000000 r 1=00000000 r 2=000efffc r 3=00003000 
r 4=00000000 r 5=ffffffff r 6=00000000 r 7=00000000 
r 8=ffffffff r 9=fffff7ff r10=00000000 r11=00000000 
r12=00000000 r13=00000000 r14=00000000 r15=00000000 
r16=00000000 r17=00000000 r18=00000000 r19=00000000 
r20=00000000 r21=00000000 r22=00000000 r23=00000000 
r24=00000000 r25=00000000 r26=00000000 r27=00000000 
r28=00000000 r29=00000000 r30=00000000 r31=00000000 

v==============Cycle Counter =    21==============v

[IF ]: Instruction [00000013]@[00001054]: addi	x0, x0, 0
[ID ]: Instruction [0002a533]@[00001050]: slt	x10, x5, x0
[EX ]: Instruction [00000013]@[0000104c]: addi	x0, x0, 0
[MEM]: Instruction [00000013]@[00001048]: addi	x0, x0, 0
[WB ]: Instruction [00000013]@[00001044]: addi	x0, x0, 0
r 0=00000000 r 1=00000000 r 2=000efffc r 3=00003000 
r 4=00000000 r 5=ffffffff r 6=00000000 r 7=00000000 
r 8=ffffffff r 9=fffff7ff r10=00000000 r11=00000000 
r12=00000000 r13=00000000 r14=00000000 r15=00000000 
r16=00000000 r17=00000000 r18=00000000 r19=00000000 
r20=00000000 r21=00000000 r22=00000000 r23=00000000 
r24=00000000 r25=00000000 r26=00000000 r27=00000000 
r28=00000000 r29=00000000 r30=00000000 r31=00000000 

v==============Cycle Counter =    22==============v

[IF ]: Instruction [00000013]@[00001058]: addi	x0, x0, 0
[ID ]: Instruction [00000013]@[00001054]: addi	x0, x0, 0
[EX ]: Instruction [0002a533]@[00001050]: slt	x10, x5, x0
[MEM]: Instruction [00000013]@[0000104c]: addi	x0, x0, 0
[WB ]: Instruction [00000013]@[00001048]: addi	x0, x0, 0
r 0=00000000 r 1=00000000 r 2=000efffc r 3=00003000 
r 4=00000000 r 5=ffffffff r 6=00000000 r 7=00000000 
r 8=ffffffff r 9=fffff7ff r10=00000000 r11=00000000 
r12=00000000 r13=00000000 r14=00000000 r15=00000000 
r16=00000000 r17=00000000 r18=00000000 r19=00000000 
r20=00000000 r21=00000000 r22=00000000 r23=00000000 
r24=00000000 r25=00000000 r26=00000000 r27=00000000 
r28=00000000 r29=00000000 r30=00000000 r31=00000000 

v==============Cycle Counter =    23==============v

[IF ]: Instruction [00000013]@[0000105c]: addi	x0, x0, 0
[ID ]: Instruction [00000013]@[00001058]: addi	x0, x0, 0
[EX ]: Instruction [00000013]@[00001054]: addi	x0, x0, 0
[MEM]: Instruction [0002a533]@[00001050]: slt	x10, x5, x0
[WB ]: Instruction [00000013]@[0000104c]: addi	x0, x0, 0
r 0=00000000 r 1=00000000 r 2=000efffc r 3=00003000 
r 4=00000000 r 5=ffffffff r 6=00000000 r 7=00000000 
r 8=ffffffff r 9=fffff7ff r10=00000000 r11=00000000 
r12=00000000 r13=00000000 r14=00000000 r15=00000000 
r16=00000000 r17=00000000 r18=00000000 r19=00000000 
r20=00000000 r21=00000000 r22=00000000 r23=00000000 
r24=00000000 r25=00000000 r26=00000000 r27=00000000 
r28=00000000 r29=00000000 r30=00000000 r31=00000000 

v==============Cycle Counter =    24==============v

[IF ]: Instruction [00a282b3]@[00001060]: add	x5, x5, x10
[ID ]: Instruction [00000013]@[0000105c]: addi	x0, x0, 0
[EX ]: Instruction [00000013]@[00001058]: addi	x0, x0, 0
[MEM]: Instruction [00000013]@[00001054]: addi	x0, x0, 0
[WB ]: Instruction [0002a533]@[00001050]: slt	x10, x5, x0
r 0=00000000 r 1=00000000 r 2=000efffc r 3=00003000 
r 4=00000000 r 5=ffffffff r 6=00000000 r 7=00000000 
r 8=ffffffff r 9=fffff7ff r10=00000001 r11=00000000 
r12=00000000 r13=00000000 r14=00000000 r15=00000000 
r16=00000000 r17=00000000 r18=00000000 r19=00000000 
r20=00000000 r21=00000000 r22=00000000 r23=00000000 
r24=00000000 r25=00000000 r26=00000000 r27=00000000 
r28=00000000 r29=00000000 r30=00000000 r31=00000000 

v==============Cycle Counter =    25==============v

[IF ]: Instruction [01400513]@[00001064]: addi	x10, x0, 20
[ID ]: Instruction [00a282b3]@[00001060]: add	x5, x5, x10
[EX ]: Instruction [00000013]@[0000105c]: addi	x0, x0, 0
[MEM]: Instruction [00000013]@[00001058]: addi	x0, x0, 0
[WB ]: Instruction [00000013]@[00001054]: addi	x0, x0, 0
r 0=00000000 r 1=00000000 r 2=000efffc r 3=00003000 
r 4=00000000 r 5=ffffffff r 6=00000000 r 7=00000000 
r 8=ffffffff r 9=fffff7ff r10=00000001 r11=00000000 
r12=00000000 r13=00000000 r14=00000000 r15=00000000 
r16=00000000 r17=00000000 r18=00000000 r19=00000000 
r20=00000000 r21=00000000 r22=00000000 r23=00000000 
r24=00000000 r25=00000000 r26=00000000 r27=00000000 
r28=00000000 r29=00000000 r30=00000000 r31=00000000 

v==============Cycle Counter =    26==============v

[IF ]: Instruction [00000013]@[00001068]: addi	x0, x0, 0
[ID ]: Instruction [01400513]@[00001064]: addi	x10, x0, 20
[EX ]: Instruction [00a282b3]@[00001060]: add	x5, x5, x10
[MEM]: Instruction [00000013]@[0000105c]: addi	x0, x0, 0
[WB ]: Instruction [00000013]@[00001058]: addi	x0, x0, 0
r 0=00000000 r 1=00000000 r 2=000efffc r 3=00003000 
r 4=00000000 r 5=ffffffff r 6=00000000 r 7=00000000 
r 8=ffffffff r 9=fffff7ff r10=00000001 r11=00000000 
r12=00000000 r13=00000000 r14=00000000 r15=00000000 
r16=00000000 r17=00000000 r18=00000000 r19=00000000 
r20=00000000 r21=00000000 r22=00000000 r23=00000000 
r24=00000000 r25=00000000 r26=00000000 r27=00000000 
r28=00000000 r29=00000000 r30=00000000 r31=00000000 

v==============Cycle Counter =    27==============v

[IF ]: Instruction [00000013]@[0000106c]: addi	x0, x0, 0
[ID ]: Instruction [00000013]@[00001068]: addi	x0, x0, 0
[EX ]: Instruction [01400513]@[00001064]: addi	x10, x0, 20
[MEM]: Instruction [00a282b3]@[00001060]: add	x5, x5, x10
[WB ]: Instruction [00000013]@[0000105c]: addi	x0, x0, 0
r 0=00000000 r 1=00000000 r 2=000efffc r 3=00003000 
r 4=00000000 r 5=ffffffff r 6=00000000 r 7=00000000 
r 8=ffffffff r 9=fffff7ff r10=00000001 r11=00000000 
r12=00000000 r13=00000000 r14=00000000 r15=00000000 
r16=00000000 r17=00000000 r18=00000000 r19=00000000 
r20=00000000 r21=00000000 r22=00000000 r23=00000000 
r24=00000000 r25=00000000 r26=00000000 r27=00000000 
r28=00000000 r29=00000000 r30=00000000 r31=00000000 

v==============Cycle Counter =    28==============v

[IF ]: Instruction [00000013]@[00001070]: addi	x0, x0, 0
[ID ]: Instruction [00000013]@[0000106c]: addi	x0, x0, 0
[EX ]: Instruction [00000013]@[00001068]: addi	x0, x0, 0
[MEM]: Instruction [01400513]@[00001064]: addi	x10, x0, 20
[WB ]: Instruction [00a282b3]@[00001060]: add	x5, x5, x10
r 0=00000000 r 1=00000000 r 2=000efffc r 3=00003000 
r 4=00000000 r 5=00000000 r 6=00000000 r 7=00000000 
r 8=ffffffff r 9=fffff7ff r10=00000001 r11=00000000 
r12=00000000 r13=00000000 r14=00000000 r15=00000000 
r16=00000000 r17=00000000 r18=00000000 r19=00000000 
r20=00000000 r21=00000000 r22=00000000 r23=00000000 
r24=00000000 r25=00000000 r26=00000000 r27=00000000 
r28=00000000 r29=00000000 r30=00000000 r31=00000000 

v==============Cycle Counter =    29==============v

[IF ]: Instruction [00155513]@[00001074]: srli	x10, x10, 1
[ID ]: Instruction [00000013]@[00001070]: addi	x0, x0, 0
[EX ]: Instruction [00000013]@[0000106c]: addi	x0, x0, 0
[MEM]: Instruction [00000013]@[00001068]: addi	x0, x0, 0
[WB ]: Instruction [01400513]@[00001064]: addi	x10, x0, 20
r 0=00000000 r 1=00000000 r 2=000efffc r 3=00003000 
r 4=00000000 r 5=00000000 r 6=00000000 r 7=00000000 
r 8=ffffffff r 9=fffff7ff r10=00000014 r11=00000000 
r12=00000000 r13=00000000 r14=00000000 r15=00000000 
r16=00000000 r17=00000000 r18=00000000 r19=00000000 
r20=00000000 r21=00000000 r22=00000000 r23=00000000 
r24=00000000 r25=00000000 r26=00000000 r27=00000000 
r28=00000000 r29=00000000 r30=00000000 r31=00000000 

v==============Cycle Counter =    30==============v

[IF ]: Instruction [00a00313]@[00001078]: addi	x6, x0, 10
[ID ]: Instruction [00155513]@[00001074]: srli	x10, x10, 1
[EX ]: Instruction [00000013]@[00001070]: addi	x0, x0, 0
[MEM]: Instruction [00000013]@[0000106c]: addi	x0, x0, 0
[WB ]: Instruction [00000013]@[00001068]: addi	x0, x0, 0
r 0=00000000 r 1=00000000 r 2=000efffc r 3=00003000 
r 4=00000000 r 5=00000000 r 6=00000000 r 7=00000000 
r 8=ffffffff r 9=fffff7ff r10=00000014 r11=00000000 
r12=00000000 r13=00000000 r14=00000000 r15=00000000 
r16=00000000 r17=00000000 r18=00000000 r19=00000000 
r20=00000000 r21=00000000 r22=00000000 r23=00000000 
r24=00000000 r25=00000000 r26=00000000 r27=00000000 
r28=00000000 r29=00000000 r30=00000000 r31=00000000 

v==============Cycle Counter =    31==============v

[IF ]: Instruction [00000013]@[0000107c]: addi	x0, x0, 0
[ID ]: Instruction [00a00313]@[00001078]: addi	x6, x0, 10
[EX ]: Instruction [00155513]@[00001074]: srli	x10, x10, 1
[MEM]: Instruction [00000013]@[00001070]: addi	x0, x0, 0
[WB ]: Instruction [00000013]@[0000106c]: addi	x0, x0, 0
r 0=00000000 r 1=00000000 r 2=000efffc r 3=00003000 
r 4=00000000 r 5=00000000 r 6=00000000 r 7=00000000 
r 8=ffffffff r 9=fffff7ff r10=00000014 r11=00000000 
r12=00000000 r13=00000000 r14=00000000 r15=00000000 
r16=00000000 r17=00000000 r18=00000000 r19=00000000 
r20=00000000 r21=00000000 r22=00000000 r23=00000000 
r24=00000000 r25=00000000 r26=00000000 r27=00000000 
r28=00000000 r29=00000000 r30=00000000 r31=00000000 

v==============Cycle Counter =    32==============v

[IF ]: Instruction [00000013]@[00001080]: addi	x0, x0, 0
[ID ]: Instruction [00000013]@[0000107c]: addi	x0, x0, 0
[EX ]: Instruction [00a00313]@[00001078]: addi	x6, x0, 10
[MEM]: Instruction [00155513]@[00001074]: srli	x10, x10, 1
[WB ]: Instruction [00000013]@[00001070]: addi	x0, x0, 0
r 0=00000000 r 1=00000000 r 2=000efffc r 3=00003000 
r 4=00000000 r 5=00000000 r 6=00000000 r 7=00000000 
r 8=ffffffff r 9=fffff7ff r10=00000014 r11=00000000 
r12=00000000 r13=00000000 r14=00000000 r15=00000000 
r16=00000000 r17=00000000 r18=00000000 r19=00000000 
r20=00000000 r21=00000000 r22=00000000 r23=00000000 
r24=00000000 r25=00000000 r26=00000000 r27=00000000 
r28=00000000 r29=00000000 r30=00000000 r31=00000000 

v==============Cycle Counter =    33==============v

[IF ]: Instruction [00000013]@[00001084]: addi	x0, x0, 0
[ID ]: Instruction [00000013]@[00001080]: addi	x0, x0, 0
[EX ]: Instruction [00000013]@[0000107c]: addi	x0, x0, 0
[MEM]: Instruction [00a00313]@[00001078]: addi	x6, x0, 10
[WB ]: Instruction [00155513]@[00001074]: srli	x10, x10, 1
r 0=00000000 r 1=00000000 r 2=000efffc r 3=00003000 
r 4=00000000 r 5=00000000 r 6=00000000 r 7=00000000 
r 8=ffffffff r 9=fffff7ff r10=0000000a r11=00000000 
r12=00000000 r13=00000000 r14=00000000 r15=00000000 
r16=00000000 r17=00000000 r18=00000000 r19=00000000 
r20=00000000 r21=00000000 r22=00000000 r23=00000000 
r24=00000000 r25=00000000 r26=00000000 r27=00000000 
r28=00000000 r29=00000000 r30=00000000 r31=00000000 

v==============Cycle Counter =    34==============v

[IF ]: Instruction [00650c63]@[00001088]: beq	x10, x6, 24
[ID ]: Instruction [00000013]@[00001084]: addi	x0, x0, 0
[EX ]: Instruction [00000013]@[00001080]: addi	x0, x0, 0
[MEM]: Instruction [00000013]@[0000107c]: addi	x0, x0, 0
[WB ]: Instruction [00a00313]@[00001078]: addi	x6, x0, 10
r 0=00000000 r 1=00000000 r 2=000efffc r 3=00003000 
r 4=00000000 r 5=00000000 r 6=0000000a r 7=00000000 
r 8=ffffffff r 9=fffff7ff r10=0000000a r11=00000000 
r12=00000000 r13=00000000 r14=00000000 r15=00000000 
r16=00000000 r17=00000000 r18=00000000 r19=00000000 
r20=00000000 r21=00000000 r22=00000000 r23=00000000 
r24=00000000 r25=00000000 r26=00000000 r27=00000000 
r28=00000000 r29=00000000 r30=00000000 r31=00000000 

v==============Cycle Counter =    35==============v

[IF ]: Instruction [fffff5b7]@[0000108c]: lui	x11, 1048575
[ID ]: Instruction [00650c63]@[00001088]: beq	x10, x6, 24
[EX ]: Instruction [00000013]@[00001084]: addi	x0, x0, 0
[MEM]: Instruction [00000013]@[00001080]: addi	x0, x0, 0
[WB ]: Instruction [00000013]@[0000107c]: addi	x0, x0, 0
r 0=00000000 r 1=00000000 r 2=000efffc r 3=00003000 
r 4=00000000 r 5=00000000 r 6=0000000a r 7=00000000 
r 8=ffffffff r 9=fffff7ff r10=0000000a r11=00000000 
r12=00000000 r13=00000000 r14=00000000 r15=00000000 
r16=00000000 r17=00000000 r18=00000000 r19=00000000 
r20=00000000 r21=00000000 r22=00000000 r23=00000000 
r24=00000000 r25=00000000 r26=00000000 r27=00000000 
r28=00000000 r29=00000000 r30=00000000 r31=00000000 

v==============Cycle Counter =    36==============v

[IF ]: Instruction [00bad937]@[00001090]: lui	x18, 2989
[ID ]: Instruction [fffff5b7]@[0000108c]: lui	x11, 1048575
[EX ]: Instruction [00650c63]@[00001088]: beq	x10, x6, 24
[MEM]: Instruction [00000013]@[00001084]: addi	x0, x0, 0
[WB ]: Instruction [00000013]@[00001080]: addi	x0, x0, 0
r 0=00000000 r 1=00000000 r 2=000efffc r 3=00003000 
r 4=00000000 r 5=00000000 r 6=0000000a r 7=00000000 
r 8=ffffffff r 9=fffff7ff r10=0000000a r11=00000000 
r12=00000000 r13=00000000 r14=00000000 r15=00000000 
r16=00000000 r17=00000000 r18=00000000 r19=00000000 
r20=00000000 r21=00000000 r22=00000000 r23=00000000 
r24=00000000 r25=00000000 r26=00000000 r27=00000000 
r28=00000000 r29=00000000 r30=00000000 r31=00000000 

v==============Cycle Counter =    37==============v

[IF ]: Instruction [0dead9b7]@[00001094]: lui	x19, 57005
[ID ]: Instruction [00bad937]@[00001090]: lui	x18, 2989
[EX ]: Instruction [fffff5b7]@[0000108c]: lui	x11, 1048575
[MEM]: Instruction [00650c63]@[00001088]: beq	x10, x6, 24
[WB ]: Instruction [00000013]@[00001084]: addi	x0, x0, 0
r 0=00000000 r 1=00000000 r 2=000efffc r 3=00003000 
r 4=00000000 r 5=00000000 r 6=0000000a r 7=00000000 
r 8=ffffffff r 9=fffff7ff r10=0000000a r11=00000000 
r12=00000000 r13=00000000 r14=00000000 r15=00000000 
r16=00000000 r17=00000000 r18=00000000 r19=00000000 
r20=00000000 r21=00000000 r22=00000000 r23=00000000 
r24=00000000 r25=00000000 r26=00000000 r27=00000000 
r28=00000000 r29=00000000 r30=00000000 r31=00000000 

v==============Cycle Counter =    38==============v

[IF ]: Instruction [00000073]@[000010a0]: ecall
[ID ]: Instruction [0dead9b7]@[00001094]: lui	x19, 57005
[EX ]: Instruction [00bad937]@[00001090]: lui	x18, 2989
[MEM]: Instruction [fffff5b7]@[0000108c]: lui	x11, 1048575
[WB ]: Instruction [00650c63]@[00001088]: beq	x10, x6, 24
r 0=00000000 r 1=00000000 r 2=000efffc r 3=00003000 
r 4=00000000 r 5=00000000 r 6=0000000a r 7=00000000 
r 8=ffffffff r 9=fffff7ff r10=0000000a r11=00000000 
r12=00000000 r13=00000000 r14=00000000 r15=00000000 
r16=00000000 r17=00000000 r18=00000000 r19=00000000 
r20=00000000 r21=00000000 r22=00000000 r23=00000000 
r24=00000000 r25=00000000 r26=00000000 r27=00000000 
r28=00000000 r29=00000000 r30=00000000 r31=00000000 

v==============Cycle Counter =    39==============v

[IF ]: Instruction [00000013]@[000010a4]: addi	x0, x0, 0
[ID ]: Instruction [00000073]@[000010a0]: ecall
[EX ]: Instruction [0dead9b7]@[00001094]: lui	x19, 57005
[MEM]: Instruction [00bad937]@[00001090]: lui	x18, 2989
[WB ]: Instruction [fffff5b7]@[0000108c]: lui	x11, 1048575
r 0=00000000 r 1=00000000 r 2=000efffc r 3=00003000 
r 4=00000000 r 5=00000000 r 6=0000000a r 7=00000000 
r 8=ffffffff r 9=fffff7ff r10=0000000a r11=fffff000 
r12=00000000 r13=00000000 r14=00000000 r15=00000000 
r16=00000000 r17=00000000 r18=00000000 r19=00000000 
r20=00000000 r21=00000000 r22=00000000 r23=00000000 
r24=00000000 r25=00000000 r26=00000000 r27=00000000 
r28=00000000 r29=00000000 r30=00000000 r31=00000000 

v==============Cycle Counter =    40==============v

[IF ]: Instruction [00000013]@[000010a8]: addi	x0, x0, 0
[ID ]: Instruction [00000013]@[000010a4]: addi	x0, x0, 0
[EX ]: Instruction [00000073]@[000010a0]: ecall
[MEM]: Instruction [0dead9b7]@[00001094]: lui	x19, 57005
[WB ]: Instruction [00bad937]@[00001090]: lui	x18, 2989
r 0=00000000 r 1=00000000 r 2=000efffc r 3=00003000 
r 4=00000000 r 5=00000000 r 6=0000000a r 7=00000000 
r 8=ffffffff r 9=fffff7ff r10=0000000a r11=fffff000 
r12=00000000 r13=00000000 r14=00000000 r15=00000000 
r16=00000000 r17=00000000 r18=00bad000 r19=00000000 
r20=00000000 r21=00000000 r22=00000000 r23=00000000 
r24=00000000 r25=00000000 r26=00000000 r27=00000000 
r28=00000000 r29=00000000 r30=00000000 r31=00000000 

v==============Cycle Counter =    41==============v

[IF ]: Instruction [00000013]@[000010ac]: addi	x0, x0, 0
[ID ]: Instruction [00000013]@[000010a8]: addi	x0, x0, 0
[EX ]: Instruction [00000013]@[000010a4]: addi	x0, x0, 0
[MEM]: Instruction [00000073]@[000010a0]: ecall
[WB ]: Instruction [0dead9b7]@[00001094]: lui	x19, 57005
r 0=00000000 r 1=00000000 r 2=000efffc r 3=00003000 
r 4=00000000 r 5=00000000 r 6=0000000a r 7=00000000 
r 8=ffffffff r 9=fffff7ff r10=0000000a r11=fffff000 
r12=00000000 r13=00000000 r14=00000000 r15=00000000 
r16=00000000 r17=00000000 r18=00bad000 r19=0dead000 
r20=00000000 r21=00000000 r22=00000000 r23=00000000 
r24=00000000 r25=00000000 r26=00000000 r27=00000000 
r28=00000000 r29=00000000 r30=00000000 r31=00000000 


========
[MAIN]: Flushing pipeline
========
v==============Cycle Counter =    42==============v

[IF ]: Instruction [00000013]@[000010b0]: addi	x0, x0, 0
[ID ]: Instruction [00000013]@[000010ac]: addi	x0, x0, 0
[EX ]: Instruction [00000013]@[000010a8]: addi	x0, x0, 0
[MEM]: Instruction [00000013]@[000010a4]: addi	x0, x0, 0
[WB ]: Instruction [00000073]@[000010a0]: ecall
r 0=00000000 r 1=00000000 r 2=000efffc r 3=00003000 
r 4=00000000 r 5=00000000 r 6=0000000a r 7=00000000 
r 8=ffffffff r 9=fffff7ff r10=0000000a r11=fffff000 
r12=00000000 r13=00000000 r14=00000000 r15=00000000 
r16=00000000 r17=00000000 r18=00bad000 r19=0dead000 
r20=00000000 r21=00000000 r22=00000000 r23=00000000 
r24=00000000 r25=00000000 r26=00000000 r27=00000000 
r28=00000000 r29=00000000 r30=00000000 r31=00000000 

v==============Cycle Counter =    43==============v

[IF ]: Instruction [00000013]@[000010b4]: addi	x0, x0, 0
[ID ]: Instruction [00000013]@[000010b0]: addi	x0, x0, 0
[EX ]: Instruction [00000013]@[000010ac]: addi	x0, x0, 0
[MEM]: Instruction [00000013]@[000010a8]: addi	x0, x0, 0
[WB ]: Instruction [00000013]@[000010a4]: addi	x0, x0, 0
r 0=00000000 r 1=00000000 r 2=000efffc r 3=00003000 
r 4=00000000 r 5=00000000 r 6=0000000a r 7=00000000 
r 8=ffffffff r 9=fffff7ff r10=0000000a r11=fffff000 
r12=00000000 r13=00000000 r14=00000000 r15=00000000 
r16=00000000 r17=00000000 r18=00bad000 r19=0dead000 
r20=00000000 r21=00000000 r22=00000000 r23=00000000 
r24=00000000 r25=00000000 r26=00000000 r27=00000000 
r28=00000000 r29=00000000 r30=00000000 r31=00000000 

v==============Cycle Counter =    44==============v

[IF ]: Instruction [00000013]@[000010b8]: addi	x0, x0, 0
[ID ]: Instruction [00000013]@[000010b4]: addi	x0, x0, 0
[EX ]: Instruction [00000013]@[000010b0]: addi	x0, x0, 0
[MEM]: Instruction [00000013]@[000010ac]: addi	x0, x0, 0
[WB ]: Instruction [00000013]@[000010a8]: addi	x0, x0, 0
r 0=00000000 r 1=00000000 r 2=000efffc r 3=00003000 
r 4=00000000 r 5=00000000 r 6=0000000a r 7=00000000 
r 8=ffffffff r 9=fffff7ff r10=0000000a r11=fffff000 
r12=00000000 r13=00000000 r14=00000000 r15=00000000 
r16=00000000 r17=00000000 r18=00bad000 r19=0dead000 
r20=00000000 r21=00000000 r22=00000000 r23=00000000 
r24=00000000 r25=00000000 r26=00000000 r27=00000000 
r28=00000000 r29=00000000 r30=00000000 r31=00000000 

v==============Cycle Counter =    45==============v

[IF ]: Instruction [00000013]@[000010bc]: addi	x0, x0, 0
[ID ]: Instruction [00000013]@[000010b8]: addi	x0, x0, 0
[EX ]: Instruction [00000013]@[000010b4]: addi	x0, x0, 0
[MEM]: Instruction [00000013]@[000010b0]: addi	x0, x0, 0
[WB ]: Instruction [00000013]@[000010ac]: addi	x0, x0, 0
r 0=00000000 r 1=00000000 r 2=000efffc r 3=00003000 
r 4=00000000 r 5=00000000 r 6=0000000a r 7=00000000 
r 8=ffffffff r 9=fffff7ff r10=0000000a r11=fffff000 
r12=00000000 r13=00000000 r14=00000000 r15=00000000 
r16=00000000 r17=00000000 r18=00bad000 r19=0dead000 
r20=00000000 r21=00000000 r22=00000000 r23=00000000 
r24=00000000 r25=00000000 r26=00000000 r27=00000000 
r28=00000000 r29=00000000 r30=00000000 r31=00000000 

v==============Cycle Counter =    46==============v

[IF ]: Instruction [00000013]@[000010c0]: addi	x0, x0, 0
[ID ]: Instruction [00000013]@[000010bc]: addi	x0, x0, 0
[EX ]: Instruction [00000013]@[000010b8]: addi	x0, x0, 0
[MEM]: Instruction [00000013]@[000010b4]: addi	x0, x0, 0
[WB ]: Instruction [00000013]@[000010b0]: addi	x0, x0, 0
r 0=00000000 r 1=00000000 r 2=000efffc r 3=00003000 
r 4=00000000 r 5=00000000 r 6=0000000a r 7=00000000 
r 8=ffffffff r 9=fffff7ff r10=0000000a r11=fffff000 
r12=00000000 r13=00000000 r14=00000000 r15=00000000 
r16=00000000 r17=00000000 r18=00bad000 r19=0dead000 
r20=00000000 r21=00000000 r22=00000000 r23=00000000 
r24=00000000 r25=00000000 r26=00000000 r27=00000000 
r28=00000000 r29=00000000 r30=00000000 r31=00000000 

