v==============Cycle Counter =     0==============v

[IF ]: Instruction [40050513]@[00001000]: addi	x10, x10, 1024
[ID ]: Instruction [00000000]@[00000000]: 
[EX ]: Instruction [00000000]@[00000000]: 
[MEM]: Instruction [00000000]@[00000000]: 
[WB ]: Instruction [00000000]@[00000000]: 
r 0=00000000 r 1=00000000 r 2=000effff r 3=00003000 
r 4=00000000 r 5=00000000 r 6=00000000 r 7=00000000 
r 8=00000000 r 9=00000000 r10=00000000 r11=00000000 
r12=00000000 r13=00000000 r14=00000000 r15=00000000 
r16=00000000 r17=00000000 r18=00000000 r19=00000000 
r20=00000000 r21=00000000 r22=00000000 r23=00000000 
r24=00000000 r25=00000000 r26=00000000 r27=00000000 
r28=00000000 r29=00000000 r30=00000000 r31=00000000 

v==============Cycle Counter =     1==============v

[IF ]: Instruction [00000013]@[00001004]: addi	x0, x0, 0
[ID ]: Instruction [40050513]@[00001000]: addi	x10, x10, 1024
[EX ]: Instruction [00000000]@[00000000]: 
[MEM]: Instruction [00000000]@[00000000]: 
[WB ]: Instruction [00000000]@[00000000]: 
r 0=00000000 r 1=00000000 r 2=000effff r 3=00003000 
r 4=00000000 r 5=00000000 r 6=00000000 r 7=00000000 
r 8=00000000 r 9=00000000 r10=00000000 r11=00000000 
r12=00000000 r13=00000000 r14=00000000 r15=00000000 
r16=00000000 r17=00000000 r18=00000000 r19=00000000 
r20=00000000 r21=00000000 r22=00000000 r23=00000000 
r24=00000000 r25=00000000 r26=00000000 r27=00000000 
r28=00000000 r29=00000000 r30=00000000 r31=00000000 

v==============Cycle Counter =     2==============v

[IF ]: Instruction [00000013]@[00001008]: addi	x0, x0, 0
[ID ]: Instruction [00000013]@[00001004]: addi	x0, x0, 0
[EX ]: Instruction [40050513]@[00001000]: addi	x10, x10, 1024
[MEM]: Instruction [00000000]@[00000000]: 
[WB ]: Instruction [00000000]@[00000000]: 
r 0=00000000 r 1=00000000 r 2=000effff r 3=00003000 
r 4=00000000 r 5=00000000 r 6=00000000 r 7=00000000 
r 8=00000000 r 9=00000000 r10=00000000 r11=00000000 
r12=00000000 r13=00000000 r14=00000000 r15=00000000 
r16=00000000 r17=00000000 r18=00000000 r19=00000000 
r20=00000000 r21=00000000 r22=00000000 r23=00000000 
r24=00000000 r25=00000000 r26=00000000 r27=00000000 
r28=00000000 r29=00000000 r30=00000000 r31=00000000 

v==============Cycle Counter =     3==============v

[IF ]: Instruction [00000013]@[0000100c]: addi	x0, x0, 0
[ID ]: Instruction [00000013]@[00001008]: addi	x0, x0, 0
[EX ]: Instruction [00000013]@[00001004]: addi	x0, x0, 0
[MEM]: Instruction [40050513]@[00001000]: addi	x10, x10, 1024
[WB ]: Instruction [00000000]@[00000000]: 
r 0=00000000 r 1=00000000 r 2=000effff r 3=00003000 
r 4=00000000 r 5=00000000 r 6=00000000 r 7=00000000 
r 8=00000000 r 9=00000000 r10=00000000 r11=00000000 
r12=00000000 r13=00000000 r14=00000000 r15=00000000 
r16=00000000 r17=00000000 r18=00000000 r19=00000000 
r20=00000000 r21=00000000 r22=00000000 r23=00000000 
r24=00000000 r25=00000000 r26=00000000 r27=00000000 
r28=00000000 r29=00000000 r30=00000000 r31=00000000 

v==============Cycle Counter =     4==============v

[IF ]: Instruction [00052583]@[00001010]: lw	x11, 0(x10)
[ID ]: Instruction [00000013]@[0000100c]: addi	x0, x0, 0
[EX ]: Instruction [00000013]@[00001008]: addi	x0, x0, 0
[MEM]: Instruction [00000013]@[00001004]: addi	x0, x0, 0
[WB ]: Instruction [40050513]@[00001000]: addi	x10, x10, 1024
r 0=00000000 r 1=00000000 r 2=000effff r 3=00003000 
r 4=00000000 r 5=00000000 r 6=00000000 r 7=00000000 
r 8=00000000 r 9=00000000 r10=00000400 r11=00000000 
r12=00000000 r13=00000000 r14=00000000 r15=00000000 
r16=00000000 r17=00000000 r18=00000000 r19=00000000 
r20=00000000 r21=00000000 r22=00000000 r23=00000000 
r24=00000000 r25=00000000 r26=00000000 r27=00000000 
r28=00000000 r29=00000000 r30=00000000 r31=00000000 

v==============Cycle Counter =     5==============v

[IF ]: Instruction [00000013]@[00001014]: addi	x0, x0, 0
[ID ]: Instruction [00052583]@[00001010]: lw	x11, 0(x10)
[EX ]: Instruction [00000013]@[0000100c]: addi	x0, x0, 0
[MEM]: Instruction [00000013]@[00001008]: addi	x0, x0, 0
[WB ]: Instruction [00000013]@[00001004]: addi	x0, x0, 0
r 0=00000000 r 1=00000000 r 2=000effff r 3=00003000 
r 4=00000000 r 5=00000000 r 6=00000000 r 7=00000000 
r 8=00000000 r 9=00000000 r10=00000400 r11=00000000 
r12=00000000 r13=00000000 r14=00000000 r15=00000000 
r16=00000000 r17=00000000 r18=00000000 r19=00000000 
r20=00000000 r21=00000000 r22=00000000 r23=00000000 
r24=00000000 r25=00000000 r26=00000000 r27=00000000 
r28=00000000 r29=00000000 r30=00000000 r31=00000000 

v==============Cycle Counter =     6==============v

[IF ]: Instruction [00000013]@[00001018]: addi	x0, x0, 0
[ID ]: Instruction [00000013]@[00001014]: addi	x0, x0, 0
[EX ]: Instruction [00052583]@[00001010]: lw	x11, 0(x10)
[MEM]: Instruction [00000013]@[0000100c]: addi	x0, x0, 0
[WB ]: Instruction [00000013]@[00001008]: addi	x0, x0, 0
r 0=00000000 r 1=00000000 r 2=000effff r 3=00003000 
r 4=00000000 r 5=00000000 r 6=00000000 r 7=00000000 
r 8=00000000 r 9=00000000 r10=00000400 r11=00000000 
r12=00000000 r13=00000000 r14=00000000 r15=00000000 
r16=00000000 r17=00000000 r18=00000000 r19=00000000 
r20=00000000 r21=00000000 r22=00000000 r23=00000000 
r24=00000000 r25=00000000 r26=00000000 r27=00000000 
r28=00000000 r29=00000000 r30=00000000 r31=00000000 

v==============Cycle Counter =     7==============v

[IF ]: Instruction [00051603]@[0000101c]: lh	x12, 0(x10)
[ID ]: Instruction [00000013]@[00001018]: addi	x0, x0, 0
[EX ]: Instruction [00000013]@[00001014]: addi	x0, x0, 0
[MEM]: Instruction [00052583]@[00001010]: lw	x11, 0(x10)
[WB ]: Instruction [00000013]@[0000100c]: addi	x0, x0, 0
r 0=00000000 r 1=00000000 r 2=000effff r 3=00003000 
r 4=00000000 r 5=00000000 r 6=00000000 r 7=00000000 
r 8=00000000 r 9=00000000 r10=00000400 r11=00000000 
r12=00000000 r13=00000000 r14=00000000 r15=00000000 
r16=00000000 r17=00000000 r18=00000000 r19=00000000 
r20=00000000 r21=00000000 r22=00000000 r23=00000000 
r24=00000000 r25=00000000 r26=00000000 r27=00000000 
r28=00000000 r29=00000000 r30=00000000 r31=00000000 

v==============Cycle Counter =     8==============v

[IF ]: Instruction [00050683]@[00001020]: lb	x13, 0(x10)
[ID ]: Instruction [00051603]@[0000101c]: lh	x12, 0(x10)
[EX ]: Instruction [00000013]@[00001018]: addi	x0, x0, 0
[MEM]: Instruction [00000013]@[00001014]: addi	x0, x0, 0
[WB ]: Instruction [00052583]@[00001010]: lw	x11, 0(x10)
r 0=00000000 r 1=00000000 r 2=000effff r 3=00003000 
r 4=00000000 r 5=00000000 r 6=00000000 r 7=00000000 
r 8=00000000 r 9=00000000 r10=00000400 r11=00000000 
r12=00000000 r13=00000000 r14=00000000 r15=00000000 
r16=00000000 r17=00000000 r18=00000000 r19=00000000 
r20=00000000 r21=00000000 r22=00000000 r23=00000000 
r24=00000000 r25=00000000 r26=00000000 r27=00000000 
r28=00000000 r29=00000000 r30=00000000 r31=00000000 

v==============Cycle Counter =     9==============v

[IF ]: Instruction [01052703]@[00001024]: lw	x14, 16(x10)
[ID ]: Instruction [00050683]@[00001020]: lb	x13, 0(x10)
[EX ]: Instruction [00051603]@[0000101c]: lh	x12, 0(x10)
[MEM]: Instruction [00000013]@[00001018]: addi	x0, x0, 0
[WB ]: Instruction [00000013]@[00001014]: addi	x0, x0, 0
r 0=00000000 r 1=00000000 r 2=000effff r 3=00003000 
r 4=00000000 r 5=00000000 r 6=00000000 r 7=00000000 
r 8=00000000 r 9=00000000 r10=00000400 r11=00000000 
r12=00000000 r13=00000000 r14=00000000 r15=00000000 
r16=00000000 r17=00000000 r18=00000000 r19=00000000 
r20=00000000 r21=00000000 r22=00000000 r23=00000000 
r24=00000000 r25=00000000 r26=00000000 r27=00000000 
r28=00000000 r29=00000000 r30=00000000 r31=00000000 

v==============Cycle Counter =    10==============v

[IF ]: Instruction [01852783]@[00001028]: lw	x15, 24(x10)
[ID ]: Instruction [01052703]@[00001024]: lw	x14, 16(x10)
[EX ]: Instruction [00050683]@[00001020]: lb	x13, 0(x10)
[MEM]: Instruction [00051603]@[0000101c]: lh	x12, 0(x10)
[WB ]: Instruction [00000013]@[00001018]: addi	x0, x0, 0
r 0=00000000 r 1=00000000 r 2=000effff r 3=00003000 
r 4=00000000 r 5=00000000 r 6=00000000 r 7=00000000 
r 8=00000000 r 9=00000000 r10=00000400 r11=00000000 
r12=00000000 r13=00000000 r14=00000000 r15=00000000 
r16=00000000 r17=00000000 r18=00000000 r19=00000000 
r20=00000000 r21=00000000 r22=00000000 r23=00000000 
r24=00000000 r25=00000000 r26=00000000 r27=00000000 
r28=00000000 r29=00000000 r30=00000000 r31=00000000 

v==============Cycle Counter =    11==============v

[IF ]: Instruction [02052803]@[0000102c]: lw	x16, 32(x10)
[ID ]: Instruction [01852783]@[00001028]: lw	x15, 24(x10)
[EX ]: Instruction [01052703]@[00001024]: lw	x14, 16(x10)
[MEM]: Instruction [00050683]@[00001020]: lb	x13, 0(x10)
[WB ]: Instruction [00051603]@[0000101c]: lh	x12, 0(x10)
r 0=00000000 r 1=00000000 r 2=000effff r 3=00003000 
r 4=00000000 r 5=00000000 r 6=00000000 r 7=00000000 
r 8=00000000 r 9=00000000 r10=00000400 r11=00000000 
r12=00000000 r13=00000000 r14=00000000 r15=00000000 
r16=00000000 r17=00000000 r18=00000000 r19=00000000 
r20=00000000 r21=00000000 r22=00000000 r23=00000000 
r24=00000000 r25=00000000 r26=00000000 r27=00000000 
r28=00000000 r29=00000000 r30=00000000 r31=00000000 

v==============Cycle Counter =    12==============v

[IF ]: Instruction [51201d23]@[00001030]: sh	x18, 1306(x0)
[ID ]: Instruction [02052803]@[0000102c]: lw	x16, 32(x10)
[EX ]: Instruction [01852783]@[00001028]: lw	x15, 24(x10)
[MEM]: Instruction [01052703]@[00001024]: lw	x14, 16(x10)
[WB ]: Instruction [00050683]@[00001020]: lb	x13, 0(x10)
r 0=00000000 r 1=00000000 r 2=000effff r 3=00003000 
r 4=00000000 r 5=00000000 r 6=00000000 r 7=00000000 
r 8=00000000 r 9=00000000 r10=00000400 r11=00000000 
r12=00000000 r13=00000000 r14=00000000 r15=00000000 
r16=00000000 r17=00000000 r18=00000000 r19=00000000 
r20=00000000 r21=00000000 r22=00000000 r23=00000000 
r24=00000000 r25=00000000 r26=00000000 r27=00000000 
r28=00000000 r29=00000000 r30=00000000 r31=00000000 

v==============Cycle Counter =    13==============v

[IF ]: Instruction [2f201323]@[00001034]: sh	x18, 742(x0)
[ID ]: Instruction [51201d23]@[00001030]: sh	x18, 1306(x0)
[EX ]: Instruction [02052803]@[0000102c]: lw	x16, 32(x10)
[MEM]: Instruction [01852783]@[00001028]: lw	x15, 24(x10)
[WB ]: Instruction [01052703]@[00001024]: lw	x14, 16(x10)
r 0=00000000 r 1=00000000 r 2=000effff r 3=00003000 
r 4=00000000 r 5=00000000 r 6=00000000 r 7=00000000 
r 8=00000000 r 9=00000000 r10=00000400 r11=00000000 
r12=00000000 r13=00000000 r14=00000000 r15=00000000 
r16=00000000 r17=00000000 r18=00000000 r19=00000000 
r20=00000000 r21=00000000 r22=00000000 r23=00000000 
r24=00000000 r25=00000000 r26=00000000 r27=00000000 
r28=00000000 r29=00000000 r30=00000000 r31=00000000 

v==============Cycle Counter =    14==============v

[IF ]: Instruction [01200b23]@[00001038]: sb	x18, 22(x0)
[ID ]: Instruction [2f201323]@[00001034]: sh	x18, 742(x0)
[EX ]: Instruction [51201d23]@[00001030]: sh	x18, 1306(x0)
[MEM]: Instruction [02052803]@[0000102c]: lw	x16, 32(x10)
[WB ]: Instruction [01852783]@[00001028]: lw	x15, 24(x10)
r 0=00000000 r 1=00000000 r 2=000effff r 3=00003000 
r 4=00000000 r 5=00000000 r 6=00000000 r 7=00000000 
r 8=00000000 r 9=00000000 r10=00000400 r11=00000000 
r12=00000000 r13=00000000 r14=00000000 r15=00000000 
r16=00000000 r17=00000000 r18=00000000 r19=00000000 
r20=00000000 r21=00000000 r22=00000000 r23=00000000 
r24=00000000 r25=00000000 r26=00000000 r27=00000000 
r28=00000000 r29=00000000 r30=00000000 r31=00000000 

v==============Cycle Counter =    15==============v

[IF ]: Instruction [3c2028a3]@[0000103c]: sw	x2, 977(x0)
[ID ]: Instruction [01200b23]@[00001038]: sb	x18, 22(x0)
[EX ]: Instruction [2f201323]@[00001034]: sh	x18, 742(x0)
[MEM]: Instruction [51201d23]@[00001030]: sh	x18, 1306(x0)
[WB ]: Instruction [02052803]@[0000102c]: lw	x16, 32(x10)
r 0=00000000 r 1=00000000 r 2=000effff r 3=00003000 
r 4=00000000 r 5=00000000 r 6=00000000 r 7=00000000 
r 8=00000000 r 9=00000000 r10=00000400 r11=00000000 
r12=00000000 r13=00000000 r14=00000000 r15=00000000 
r16=00000000 r17=00000000 r18=00000000 r19=00000000 
r20=00000000 r21=00000000 r22=00000000 r23=00000000 
r24=00000000 r25=00000000 r26=00000000 r27=00000000 
r28=00000000 r29=00000000 r30=00000000 r31=00000000 

v==============Cycle Counter =    16==============v

[IF ]: Instruction [30600323]@[00001040]: sb	x6, 774(x0)
[ID ]: Instruction [3c2028a3]@[0000103c]: sw	x2, 977(x0)
[EX ]: Instruction [01200b23]@[00001038]: sb	x18, 22(x0)
[MEM]: Instruction [2f201323]@[00001034]: sh	x18, 742(x0)
[WB ]: Instruction [51201d23]@[00001030]: sh	x18, 1306(x0)
r 0=00000000 r 1=00000000 r 2=000effff r 3=00003000 
r 4=00000000 r 5=00000000 r 6=00000000 r 7=00000000 
r 8=00000000 r 9=00000000 r10=00000400 r11=00000000 
r12=00000000 r13=00000000 r14=00000000 r15=00000000 
r16=00000000 r17=00000000 r18=00000000 r19=00000000 
r20=00000000 r21=00000000 r22=00000000 r23=00000000 
r24=00000000 r25=00000000 r26=00000000 r27=00000000 
r28=00000000 r29=00000000 r30=00000000 r31=00000000 

v==============Cycle Counter =    17==============v

[IF ]: Instruction [2d1015a3]@[00001044]: sh	x17, 715(x0)
[ID ]: Instruction [30600323]@[00001040]: sb	x6, 774(x0)
[EX ]: Instruction [3c2028a3]@[0000103c]: sw	x2, 977(x0)
[MEM]: Instruction [01200b23]@[00001038]: sb	x18, 22(x0)
[WB ]: Instruction [2f201323]@[00001034]: sh	x18, 742(x0)
r 0=00000000 r 1=00000000 r 2=000effff r 3=00003000 
r 4=00000000 r 5=00000000 r 6=00000000 r 7=00000000 
r 8=00000000 r 9=00000000 r10=00000400 r11=00000000 
r12=00000000 r13=00000000 r14=00000000 r15=00000000 
r16=00000000 r17=00000000 r18=00000000 r19=00000000 
r20=00000000 r21=00000000 r22=00000000 r23=00000000 
r24=00000000 r25=00000000 r26=00000000 r27=00000000 
r28=00000000 r29=00000000 r30=00000000 r31=00000000 

v==============Cycle Counter =    18==============v

[IF ]: Instruction [3a201723]@[00001048]: sh	x2, 942(x0)
[ID ]: Instruction [2d1015a3]@[00001044]: sh	x17, 715(x0)
[EX ]: Instruction [30600323]@[00001040]: sb	x6, 774(x0)
[MEM]: Instruction [3c2028a3]@[0000103c]: sw	x2, 977(x0)
[WB ]: Instruction [01200b23]@[00001038]: sb	x18, 22(x0)
r 0=00000000 r 1=00000000 r 2=000effff r 3=00003000 
r 4=00000000 r 5=00000000 r 6=00000000 r 7=00000000 
r 8=00000000 r 9=00000000 r10=00000400 r11=00000000 
r12=00000000 r13=00000000 r14=00000000 r15=00000000 
r16=00000000 r17=00000000 r18=00000000 r19=00000000 
r20=00000000 r21=00000000 r22=00000000 r23=00000000 
r24=00000000 r25=00000000 r26=00000000 r27=00000000 
r28=00000000 r29=00000000 r30=00000000 r31=00000000 

v==============Cycle Counter =    19==============v

[IF ]: Instruction [1d102623]@[0000104c]: sw	x17, 460(x0)
[ID ]: Instruction [3a201723]@[00001048]: sh	x2, 942(x0)
[EX ]: Instruction [2d1015a3]@[00001044]: sh	x17, 715(x0)
[MEM]: Instruction [30600323]@[00001040]: sb	x6, 774(x0)
[WB ]: Instruction [3c2028a3]@[0000103c]: sw	x2, 977(x0)
r 0=00000000 r 1=00000000 r 2=000effff r 3=00003000 
r 4=00000000 r 5=00000000 r 6=00000000 r 7=00000000 
r 8=00000000 r 9=00000000 r10=00000400 r11=00000000 
r12=00000000 r13=00000000 r14=00000000 r15=00000000 
r16=00000000 r17=00000000 r18=00000000 r19=00000000 
r20=00000000 r21=00000000 r22=00000000 r23=00000000 
r24=00000000 r25=00000000 r26=00000000 r27=00000000 
r28=00000000 r29=00000000 r30=00000000 r31=00000000 

v==============Cycle Counter =    20==============v

[IF ]: Instruction [39101f23]@[00001050]: sh	x17, 926(x0)
[ID ]: Instruction [1d102623]@[0000104c]: sw	x17, 460(x0)
[EX ]: Instruction [3a201723]@[00001048]: sh	x2, 942(x0)
[MEM]: Instruction [2d1015a3]@[00001044]: sh	x17, 715(x0)
[WB ]: Instruction [30600323]@[00001040]: sb	x6, 774(x0)
r 0=00000000 r 1=00000000 r 2=000effff r 3=00003000 
r 4=00000000 r 5=00000000 r 6=00000000 r 7=00000000 
r 8=00000000 r 9=00000000 r10=00000400 r11=00000000 
r12=00000000 r13=00000000 r14=00000000 r15=00000000 
r16=00000000 r17=00000000 r18=00000000 r19=00000000 
r20=00000000 r21=00000000 r22=00000000 r23=00000000 
r24=00000000 r25=00000000 r26=00000000 r27=00000000 
r28=00000000 r29=00000000 r30=00000000 r31=00000000 

v==============Cycle Counter =    21==============v

[IF ]: Instruction [5d1015a3]@[00001054]: sh	x17, 1483(x0)
[ID ]: Instruction [39101f23]@[00001050]: sh	x17, 926(x0)
[EX ]: Instruction [1d102623]@[0000104c]: sw	x17, 460(x0)
[MEM]: Instruction [3a201723]@[00001048]: sh	x2, 942(x0)
[WB ]: Instruction [2d1015a3]@[00001044]: sh	x17, 715(x0)
r 0=00000000 r 1=00000000 r 2=000effff r 3=00003000 
r 4=00000000 r 5=00000000 r 6=00000000 r 7=00000000 
r 8=00000000 r 9=00000000 r10=00000400 r11=00000000 
r12=00000000 r13=00000000 r14=00000000 r15=00000000 
r16=00000000 r17=00000000 r18=00000000 r19=00000000 
r20=00000000 r21=00000000 r22=00000000 r23=00000000 
r24=00000000 r25=00000000 r26=00000000 r27=00000000 
r28=00000000 r29=00000000 r30=00000000 r31=00000000 


========
[MAIN]: Flushing pipeline
========
v==============Cycle Counter =    22==============v

[IF ]: Instruction [00000013]@[00001058]: addi	x0, x0, 0
[ID ]: Instruction [5d1015a3]@[00001054]: sh	x17, 1483(x0)
[EX ]: Instruction [39101f23]@[00001050]: sh	x17, 926(x0)
[MEM]: Instruction [1d102623]@[0000104c]: sw	x17, 460(x0)
[WB ]: Instruction [3a201723]@[00001048]: sh	x2, 942(x0)
r 0=00000000 r 1=00000000 r 2=000effff r 3=00003000 
r 4=00000000 r 5=00000000 r 6=00000000 r 7=00000000 
r 8=00000000 r 9=00000000 r10=00000400 r11=00000000 
r12=00000000 r13=00000000 r14=00000000 r15=00000000 
r16=00000000 r17=00000000 r18=00000000 r19=00000000 
r20=00000000 r21=00000000 r22=00000000 r23=00000000 
r24=00000000 r25=00000000 r26=00000000 r27=00000000 
r28=00000000 r29=00000000 r30=00000000 r31=00000000 

v==============Cycle Counter =    23==============v

[IF ]: Instruction [00000013]@[0000105c]: addi	x0, x0, 0
[ID ]: Instruction [00000013]@[00001058]: addi	x0, x0, 0
[EX ]: Instruction [5d1015a3]@[00001054]: sh	x17, 1483(x0)
[MEM]: Instruction [39101f23]@[00001050]: sh	x17, 926(x0)
[WB ]: Instruction [1d102623]@[0000104c]: sw	x17, 460(x0)
r 0=00000000 r 1=00000000 r 2=000effff r 3=00003000 
r 4=00000000 r 5=00000000 r 6=00000000 r 7=00000000 
r 8=00000000 r 9=00000000 r10=00000400 r11=00000000 
r12=00000000 r13=00000000 r14=00000000 r15=00000000 
r16=00000000 r17=00000000 r18=00000000 r19=00000000 
r20=00000000 r21=00000000 r22=00000000 r23=00000000 
r24=00000000 r25=00000000 r26=00000000 r27=00000000 
r28=00000000 r29=00000000 r30=00000000 r31=00000000 

v==============Cycle Counter =    24==============v

[IF ]: Instruction [00000013]@[00001060]: addi	x0, x0, 0
[ID ]: Instruction [00000013]@[0000105c]: addi	x0, x0, 0
[EX ]: Instruction [00000013]@[00001058]: addi	x0, x0, 0
[MEM]: Instruction [5d1015a3]@[00001054]: sh	x17, 1483(x0)
[WB ]: Instruction [39101f23]@[00001050]: sh	x17, 926(x0)
r 0=00000000 r 1=00000000 r 2=000effff r 3=00003000 
r 4=00000000 r 5=00000000 r 6=00000000 r 7=00000000 
r 8=00000000 r 9=00000000 r10=00000400 r11=00000000 
r12=00000000 r13=00000000 r14=00000000 r15=00000000 
r16=00000000 r17=00000000 r18=00000000 r19=00000000 
r20=00000000 r21=00000000 r22=00000000 r23=00000000 
r24=00000000 r25=00000000 r26=00000000 r27=00000000 
r28=00000000 r29=00000000 r30=00000000 r31=00000000 

v==============Cycle Counter =    25==============v

[IF ]: Instruction [00000013]@[00001064]: addi	x0, x0, 0
[ID ]: Instruction [00000013]@[00001060]: addi	x0, x0, 0
[EX ]: Instruction [00000013]@[0000105c]: addi	x0, x0, 0
[MEM]: Instruction [00000013]@[00001058]: addi	x0, x0, 0
[WB ]: Instruction [5d1015a3]@[00001054]: sh	x17, 1483(x0)
r 0=00000000 r 1=00000000 r 2=000effff r 3=00003000 
r 4=00000000 r 5=00000000 r 6=00000000 r 7=00000000 
r 8=00000000 r 9=00000000 r10=00000400 r11=00000000 
r12=00000000 r13=00000000 r14=00000000 r15=00000000 
r16=00000000 r17=00000000 r18=00000000 r19=00000000 
r20=00000000 r21=00000000 r22=00000000 r23=00000000 
r24=00000000 r25=00000000 r26=00000000 r27=00000000 
r28=00000000 r29=00000000 r30=00000000 r31=00000000 

v==============Cycle Counter =    26==============v

[IF ]: Instruction [00000013]@[00001068]: addi	x0, x0, 0
[ID ]: Instruction [00000013]@[00001064]: addi	x0, x0, 0
[EX ]: Instruction [00000013]@[00001060]: addi	x0, x0, 0
[MEM]: Instruction [00000013]@[0000105c]: addi	x0, x0, 0
[WB ]: Instruction [00000013]@[00001058]: addi	x0, x0, 0
r 0=00000000 r 1=00000000 r 2=000effff r 3=00003000 
r 4=00000000 r 5=00000000 r 6=00000000 r 7=00000000 
r 8=00000000 r 9=00000000 r10=00000400 r11=00000000 
r12=00000000 r13=00000000 r14=00000000 r15=00000000 
r16=00000000 r17=00000000 r18=00000000 r19=00000000 
r20=00000000 r21=00000000 r22=00000000 r23=00000000 
r24=00000000 r25=00000000 r26=00000000 r27=00000000 
r28=00000000 r29=00000000 r30=00000000 r31=00000000 

